[02/17/25 00:07:58] crowsnest: crowsnest - A webcam Service for multiple Cams and Stream Services.
[02/17/25 00:07:59] crowsnest: Version: v4.1.10-1-gdd390b6
[02/17/25 00:07:59] crowsnest: Prepare Startup ...
[02/17/25 00:07:59] crowsnest: INFO: Host information:
[02/17/25 00:07:59] crowsnest: Host Info: Distribution: Ubuntu 20.04 LTS
[02/17/25 00:07:59] crowsnest: Host Info: Kernel: Linux 5.15.0-131-generic x86_64
[02/17/25 00:07:59] crowsnest: Host Info: Model:  Intel(R) Atom(TM) x5-Z8350  CPU @ 1.44GHz
[02/17/25 00:07:59] crowsnest: Host Info: Available CPU Cores: 4
[02/17/25 00:07:59] crowsnest: Host Info: Available Memory: 3931456 kB
[02/17/25 00:07:59] crowsnest: Host Info: Diskspace (avail. / total): 17G / 29G
[02/17/25 00:07:59] crowsnest: INFO: Checking Dependencies
[02/17/25 00:07:59] crowsnest: Dependency: 'crudini' found in /usr/bin/crudini.
[02/17/25 00:07:59] crowsnest: Dependency: 'find' found in /usr/bin/find.
[02/17/25 00:07:59] crowsnest: Dependency: 'xargs' found in /usr/bin/xargs.
[02/17/25 00:07:59] crowsnest: Dependency: 'ustreamer' found in bin/ustreamer/src/ustreamer.bin.
[02/17/25 00:07:59] crowsnest: Version Control: ustreamer is up to date. (v6.10)
[02/17/25 00:07:59] crowsnest: INFO: Print Configfile: '/home/chase/printer_data/config/crowsnest.conf'
[02/17/25 00:07:59] crowsnest:		[crowsnest]
[02/17/25 00:07:59] crowsnest:		log_path: /home/chase/printer_data/logs/crowsnest.log
[02/17/25 00:07:59] crowsnest:		log_level: verbose
[02/17/25 00:07:59] crowsnest:		delete_log: false
[02/17/25 00:07:59] crowsnest:		no_proxy: false
[02/17/25 00:07:59] crowsnest:		
[02/17/25 00:07:59] crowsnest:		[cam 1]
[02/17/25 00:07:59] crowsnest:		mode: ustreamer
[02/17/25 00:07:59] crowsnest:		
[02/17/25 00:07:59] crowsnest:		enable_rtsp: false
[02/17/25 00:07:59] crowsnest:		rtsp_port: 8554
[02/17/25 00:07:59] crowsnest:		port: 8080
[02/17/25 00:07:59] crowsnest:		device: /dev/video0
[02/17/25 00:07:59] crowsnest:		resolution: 640x480
[02/17/25 00:07:59] crowsnest:		max_fps: 15
[02/17/25 00:07:59] crowsnest: INFO: Detect available Devices
[02/17/25 00:07:59] crowsnest: ERROR: No usable Devices Found. Stopping crowsnest.
[02/17/25 00:08:06] crowsnest: crowsnest - A webcam Service for multiple Cams and Stream Services.
[02/17/25 00:08:06] crowsnest: Version: v4.1.10-1-gdd390b6
[02/17/25 00:08:06] crowsnest: Prepare Startup ...
[02/17/25 00:08:06] crowsnest: INFO: Host information:
[02/17/25 00:08:06] crowsnest: Host Info: Distribution: Ubuntu 20.04 LTS
[02/17/25 00:08:06] crowsnest: Host Info: Kernel: Linux 5.15.0-131-generic x86_64
[02/17/25 00:08:06] crowsnest: Host Info: Model:  Intel(R) Atom(TM) x5-Z8350  CPU @ 1.44GHz
[02/17/25 00:08:06] crowsnest: Host Info: Available CPU Cores: 4
[02/17/25 00:08:06] crowsnest: Host Info: Available Memory: 3931456 kB
[02/17/25 00:08:06] crowsnest: Host Info: Diskspace (avail. / total): 17G / 29G
[02/17/25 00:08:06] crowsnest: INFO: Checking Dependencies
[02/17/25 00:08:06] crowsnest: Dependency: 'crudini' found in /usr/bin/crudini.
[02/17/25 00:08:06] crowsnest: Dependency: 'find' found in /usr/bin/find.
[02/17/25 00:08:06] crowsnest: Dependency: 'xargs' found in /usr/bin/xargs.
[02/17/25 00:08:06] crowsnest: Dependency: 'ustreamer' found in bin/ustreamer/src/ustreamer.bin.
[02/17/25 00:08:07] crowsnest: Version Control: ustreamer is up to date. (v6.10)
[02/17/25 00:08:07] crowsnest: INFO: Print Configfile: '/home/chase/printer_data/config/crowsnest.conf'
[02/17/25 00:08:07] crowsnest:		[crowsnest]
[02/17/25 00:08:07] crowsnest:		log_path: /home/chase/printer_data/logs/crowsnest.log
[02/17/25 00:08:07] crowsnest:		log_level: verbose
[02/17/25 00:08:07] crowsnest:		delete_log: false
[02/17/25 00:08:07] crowsnest:		no_proxy: false
[02/17/25 00:08:07] crowsnest:		
[02/17/25 00:08:07] crowsnest:		[cam 1]
[02/17/25 00:08:07] crowsnest:		mode: ustreamer
[02/17/25 00:08:07] crowsnest:		
[02/17/25 00:08:07] crowsnest:		enable_rtsp: false
[02/17/25 00:08:07] crowsnest:		rtsp_port: 8554
[02/17/25 00:08:07] crowsnest:		port: 8080
[02/17/25 00:08:07] crowsnest:		device: /dev/video0
[02/17/25 00:08:07] crowsnest:		resolution: 640x480
[02/17/25 00:08:07] crowsnest:		max_fps: 15
[02/17/25 00:08:07] crowsnest: INFO: Detect available Devices
[02/17/25 00:08:07] crowsnest: ERROR: No usable Devices Found. Stopping crowsnest.
[02/17/25 00:08:13] crowsnest: crowsnest - A webcam Service for multiple Cams and Stream Services.
[02/17/25 00:08:13] crowsnest: Version: v4.1.10-1-gdd390b6
[02/17/25 00:08:13] crowsnest: Prepare Startup ...
[02/17/25 00:08:13] crowsnest: INFO: Host information:
[02/17/25 00:08:13] crowsnest: Host Info: Distribution: Ubuntu 20.04 LTS
[02/17/25 00:08:13] crowsnest: Host Info: Kernel: Linux 5.15.0-131-generic x86_64
[02/17/25 00:08:13] crowsnest: Host Info: Model:  Intel(R) Atom(TM) x5-Z8350  CPU @ 1.44GHz
[02/17/25 00:08:13] crowsnest: Host Info: Available CPU Cores: 4
[02/17/25 00:08:13] crowsnest: Host Info: Available Memory: 3931456 kB
[02/17/25 00:08:13] crowsnest: Host Info: Diskspace (avail. / total): 17G / 29G
[02/17/25 00:08:13] crowsnest: INFO: Checking Dependencies
[02/17/25 00:08:13] crowsnest: Dependency: 'crudini' found in /usr/bin/crudini.
[02/17/25 00:08:13] crowsnest: Dependency: 'find' found in /usr/bin/find.
[02/17/25 00:08:13] crowsnest: Dependency: 'xargs' found in /usr/bin/xargs.
[02/17/25 00:08:13] crowsnest: Dependency: 'ustreamer' found in bin/ustreamer/src/ustreamer.bin.
[02/17/25 00:08:13] crowsnest: Version Control: ustreamer is up to date. (v6.10)
[02/17/25 00:08:13] crowsnest: INFO: Print Configfile: '/home/chase/printer_data/config/crowsnest.conf'
[02/17/25 00:08:13] crowsnest:		[crowsnest]
[02/17/25 00:08:13] crowsnest:		log_path: /home/chase/printer_data/logs/crowsnest.log
[02/17/25 00:08:13] crowsnest:		log_level: verbose
[02/17/25 00:08:13] crowsnest:		delete_log: false
[02/17/25 00:08:13] crowsnest:		no_proxy: false
[02/17/25 00:08:13] crowsnest:		
[02/17/25 00:08:13] crowsnest:		[cam 1]
[02/17/25 00:08:13] crowsnest:		mode: ustreamer
[02/17/25 00:08:13] crowsnest:		
[02/17/25 00:08:13] crowsnest:		enable_rtsp: false
[02/17/25 00:08:13] crowsnest:		rtsp_port: 8554
[02/17/25 00:08:13] crowsnest:		port: 8080
[02/17/25 00:08:13] crowsnest:		device: /dev/video0
[02/17/25 00:08:13] crowsnest:		resolution: 640x480
[02/17/25 00:08:13] crowsnest:		max_fps: 15
[02/17/25 00:08:13] crowsnest: INFO: Detect available Devices
[02/17/25 00:08:13] crowsnest: ERROR: No usable Devices Found. Stopping crowsnest.
[02/17/25 00:08:19] crowsnest: crowsnest - A webcam Service for multiple Cams and Stream Services.
[02/17/25 00:08:19] crowsnest: Version: v4.1.10-1-gdd390b6
[02/17/25 00:08:19] crowsnest: Prepare Startup ...
[02/17/25 00:08:19] crowsnest: INFO: Host information:
[02/17/25 00:08:19] crowsnest: Host Info: Distribution: Ubuntu 20.04 LTS
[02/17/25 00:08:19] crowsnest: Host Info: Kernel: Linux 5.15.0-131-generic x86_64
[02/17/25 00:08:19] crowsnest: Host Info: Model:  Intel(R) Atom(TM) x5-Z8350  CPU @ 1.44GHz
[02/17/25 00:08:19] crowsnest: Host Info: Available CPU Cores: 4
[02/17/25 00:08:19] crowsnest: Host Info: Available Memory: 3931456 kB
[02/17/25 00:08:19] crowsnest: Host Info: Diskspace (avail. / total): 17G / 29G
[02/17/25 00:08:19] crowsnest: INFO: Checking Dependencies
[02/17/25 00:08:19] crowsnest: Dependency: 'crudini' found in /usr/bin/crudini.
[02/17/25 00:08:19] crowsnest: Dependency: 'find' found in /usr/bin/find.
[02/17/25 00:08:19] crowsnest: Dependency: 'xargs' found in /usr/bin/xargs.
[02/17/25 00:08:19] crowsnest: Dependency: 'ustreamer' found in bin/ustreamer/src/ustreamer.bin.
[02/17/25 00:08:20] crowsnest: Version Control: ustreamer is up to date. (v6.10)
[02/17/25 00:08:20] crowsnest: INFO: Print Configfile: '/home/chase/printer_data/config/crowsnest.conf'
[02/17/25 00:08:20] crowsnest:		[crowsnest]
[02/17/25 00:08:20] crowsnest:		log_path: /home/chase/printer_data/logs/crowsnest.log
[02/17/25 00:08:20] crowsnest:		log_level: verbose
[02/17/25 00:08:20] crowsnest:		delete_log: false
[02/17/25 00:08:20] crowsnest:		no_proxy: false
[02/17/25 00:08:20] crowsnest:		
[02/17/25 00:08:20] crowsnest:		[cam 1]
[02/17/25 00:08:20] crowsnest:		mode: ustreamer
[02/17/25 00:08:20] crowsnest:		
[02/17/25 00:08:20] crowsnest:		enable_rtsp: false
[02/17/25 00:08:20] crowsnest:		rtsp_port: 8554
[02/17/25 00:08:20] crowsnest:		port: 8080
[02/17/25 00:08:20] crowsnest:		device: /dev/video0
[02/17/25 00:08:20] crowsnest:		resolution: 640x480
[02/17/25 00:08:20] crowsnest:		max_fps: 15
[02/17/25 00:08:20] crowsnest: INFO: Detect available Devices
[02/17/25 00:08:20] crowsnest: ERROR: No usable Devices Found. Stopping crowsnest.
[02/17/25 00:08:25] crowsnest: crowsnest - A webcam Service for multiple Cams and Stream Services.
[02/17/25 00:08:25] crowsnest: Version: v4.1.10-1-gdd390b6
[02/17/25 00:08:25] crowsnest: Prepare Startup ...
[02/17/25 00:08:25] crowsnest: INFO: Host information:
[02/17/25 00:08:25] crowsnest: Host Info: Distribution: Ubuntu 20.04 LTS
[02/17/25 00:08:25] crowsnest: Host Info: Kernel: Linux 5.15.0-131-generic x86_64
[02/17/25 00:08:25] crowsnest: Host Info: Model:  Intel(R) Atom(TM) x5-Z8350  CPU @ 1.44GHz
[02/17/25 00:08:25] crowsnest: Host Info: Available CPU Cores: 4
[02/17/25 00:08:25] crowsnest: Host Info: Available Memory: 3931456 kB
[02/17/25 00:08:25] crowsnest: Host Info: Diskspace (avail. / total): 17G / 29G
[02/17/25 00:08:25] crowsnest: INFO: Checking Dependencies
[02/17/25 00:08:25] crowsnest: Dependency: 'crudini' found in /usr/bin/crudini.
[02/17/25 00:08:25] crowsnest: Dependency: 'find' found in /usr/bin/find.
[02/17/25 00:08:25] crowsnest: Dependency: 'xargs' found in /usr/bin/xargs.
[02/17/25 00:08:25] crowsnest: Dependency: 'ustreamer' found in bin/ustreamer/src/ustreamer.bin.
[02/17/25 00:08:25] crowsnest: Version Control: ustreamer is up to date. (v6.10)
[02/17/25 00:08:25] crowsnest: INFO: Print Configfile: '/home/chase/printer_data/config/crowsnest.conf'
[02/17/25 00:08:25] crowsnest:		[crowsnest]
[02/17/25 00:08:25] crowsnest:		log_path: /home/chase/printer_data/logs/crowsnest.log
[02/17/25 00:08:25] crowsnest:		log_level: verbose
[02/17/25 00:08:25] crowsnest:		delete_log: false
[02/17/25 00:08:25] crowsnest:		no_proxy: false
[02/17/25 00:08:25] crowsnest:		
[02/17/25 00:08:25] crowsnest:		[cam 1]
[02/17/25 00:08:25] crowsnest:		mode: ustreamer
[02/17/25 00:08:25] crowsnest:		
[02/17/25 00:08:25] crowsnest:		enable_rtsp: false
[02/17/25 00:08:25] crowsnest:		rtsp_port: 8554
[02/17/25 00:08:25] crowsnest:		port: 8080
[02/17/25 00:08:25] crowsnest:		device: /dev/video0
[02/17/25 00:08:25] crowsnest:		resolution: 640x480
[02/17/25 00:08:25] crowsnest:		max_fps: 15
[02/17/25 00:08:25] crowsnest: INFO: Detect available Devices
[02/17/25 00:08:25] crowsnest: ERROR: No usable Devices Found. Stopping crowsnest.
[02/17/25 00:08:31] crowsnest: crowsnest - A webcam Service for multiple Cams and Stream Services.
[02/17/25 00:08:31] crowsnest: Version: v4.1.10-1-gdd390b6
[02/17/25 00:08:31] crowsnest: Prepare Startup ...
[02/17/25 00:08:31] crowsnest: INFO: Host information:
[02/17/25 00:08:31] crowsnest: Host Info: Distribution: Ubuntu 20.04 LTS
[02/17/25 00:08:31] crowsnest: Host Info: Kernel: Linux 5.15.0-131-generic x86_64
[02/17/25 00:08:31] crowsnest: Host Info: Model:  Intel(R) Atom(TM) x5-Z8350  CPU @ 1.44GHz
[02/17/25 00:08:31] crowsnest: Host Info: Available CPU Cores: 4
[02/17/25 00:08:31] crowsnest: Host Info: Available Memory: 3931456 kB
[02/17/25 00:08:31] crowsnest: Host Info: Diskspace (avail. / total): 17G / 29G
[02/17/25 00:08:31] crowsnest: INFO: Checking Dependencies
[02/17/25 00:08:31] crowsnest: Dependency: 'crudini' found in /usr/bin/crudini.
[02/17/25 00:08:31] crowsnest: Dependency: 'find' found in /usr/bin/find.
[02/17/25 00:08:32] crowsnest: Dependency: 'xargs' found in /usr/bin/xargs.
[02/17/25 00:08:32] crowsnest: Dependency: 'ustreamer' found in bin/ustreamer/src/ustreamer.bin.
[02/17/25 00:08:32] crowsnest: Version Control: ustreamer is up to date. (v6.10)
[02/17/25 00:08:32] crowsnest: INFO: Print Configfile: '/home/chase/printer_data/config/crowsnest.conf'
[02/17/25 00:08:32] crowsnest:		[crowsnest]
[02/17/25 00:08:32] crowsnest:		log_path: /home/chase/printer_data/logs/crowsnest.log
[02/17/25 00:08:32] crowsnest:		log_level: verbose
[02/17/25 00:08:32] crowsnest:		delete_log: false
[02/17/25 00:08:32] crowsnest:		no_proxy: false
[02/17/25 00:08:32] crowsnest:		
[02/17/25 00:08:32] crowsnest:		[cam 1]
[02/17/25 00:08:32] crowsnest:		mode: ustreamer
[02/17/25 00:08:32] crowsnest:		
[02/17/25 00:08:32] crowsnest:		enable_rtsp: false
[02/17/25 00:08:32] crowsnest:		rtsp_port: 8554
[02/17/25 00:08:32] crowsnest:		port: 8080
[02/17/25 00:08:32] crowsnest:		device: /dev/video0
[02/17/25 00:08:32] crowsnest:		resolution: 640x480
[02/17/25 00:08:32] crowsnest:		max_fps: 15
[02/17/25 00:08:32] crowsnest: INFO: Detect available Devices
[02/17/25 00:08:32] crowsnest: ERROR: No usable Devices Found. Stopping crowsnest.
[02/17/25 00:08:37] crowsnest: crowsnest - A webcam Service for multiple Cams and Stream Services.
[02/17/25 00:08:37] crowsnest: Version: v4.1.10-1-gdd390b6
[02/17/25 00:08:37] crowsnest: Prepare Startup ...
[02/17/25 00:08:38] crowsnest: INFO: Host information:
[02/17/25 00:08:38] crowsnest: Host Info: Distribution: Ubuntu 20.04 LTS
[02/17/25 00:08:38] crowsnest: Host Info: Kernel: Linux 5.15.0-131-generic x86_64
[02/17/25 00:08:38] crowsnest: Host Info: Model:  Intel(R) Atom(TM) x5-Z8350  CPU @ 1.44GHz
[02/17/25 00:08:38] crowsnest: Host Info: Available CPU Cores: 4
[02/17/25 00:08:38] crowsnest: Host Info: Available Memory: 3931456 kB
[02/17/25 00:08:38] crowsnest: Host Info: Diskspace (avail. / total): 17G / 29G
[02/17/25 00:08:38] crowsnest: INFO: Checking Dependencies
[02/17/25 00:08:38] crowsnest: Dependency: 'crudini' found in /usr/bin/crudini.
[02/17/25 00:08:38] crowsnest: Dependency: 'find' found in /usr/bin/find.
[02/17/25 00:08:38] crowsnest: Dependency: 'xargs' found in /usr/bin/xargs.
[02/17/25 00:08:38] crowsnest: Dependency: 'ustreamer' found in bin/ustreamer/src/ustreamer.bin.
[02/17/25 00:08:38] crowsnest: Version Control: ustreamer is up to date. (v6.10)
[02/17/25 00:08:38] crowsnest: INFO: Print Configfile: '/home/chase/printer_data/config/crowsnest.conf'
[02/17/25 00:08:38] crowsnest:		[crowsnest]
[02/17/25 00:08:38] crowsnest:		log_path: /home/chase/printer_data/logs/crowsnest.log
[02/17/25 00:08:38] crowsnest:		log_level: verbose
[02/17/25 00:08:38] crowsnest:		delete_log: false
[02/17/25 00:08:38] crowsnest:		no_proxy: false
[02/17/25 00:08:38] crowsnest:		
[02/17/25 00:08:38] crowsnest:		[cam 1]
[02/17/25 00:08:38] crowsnest:		mode: ustreamer
[02/17/25 00:08:38] crowsnest:		
[02/17/25 00:08:38] crowsnest:		enable_rtsp: false
[02/17/25 00:08:38] crowsnest:		rtsp_port: 8554
[02/17/25 00:08:38] crowsnest:		port: 8080
[02/17/25 00:08:38] crowsnest:		device: /dev/video0
[02/17/25 00:08:38] crowsnest:		resolution: 640x480
[02/17/25 00:08:38] crowsnest:		max_fps: 15
[02/17/25 00:08:38] crowsnest: INFO: Detect available Devices
[02/17/25 00:08:38] crowsnest: ERROR: No usable Devices Found. Stopping crowsnest.
[02/17/25 00:08:44] crowsnest: crowsnest - A webcam Service for multiple Cams and Stream Services.
[02/17/25 00:08:44] crowsnest: Version: v4.1.10-1-gdd390b6
[02/17/25 00:08:44] crowsnest: Prepare Startup ...
[02/17/25 00:08:44] crowsnest: INFO: Host information:
[02/17/25 00:08:44] crowsnest: Host Info: Distribution: Ubuntu 20.04 LTS
[02/17/25 00:08:44] crowsnest: Host Info: Kernel: Linux 5.15.0-131-generic x86_64
[02/17/25 00:08:44] crowsnest: Host Info: Model:  Intel(R) Atom(TM) x5-Z8350  CPU @ 1.44GHz
[02/17/25 00:08:44] crowsnest: Host Info: Available CPU Cores: 4
[02/17/25 00:08:44] crowsnest: Host Info: Available Memory: 3931456 kB
[02/17/25 00:08:44] crowsnest: Host Info: Diskspace (avail. / total): 17G / 29G
[02/17/25 00:08:44] crowsnest: INFO: Checking Dependencies
[02/17/25 00:08:44] crowsnest: Dependency: 'crudini' found in /usr/bin/crudini.
[02/17/25 00:08:44] crowsnest: Dependency: 'find' found in /usr/bin/find.
[02/17/25 00:08:44] crowsnest: Dependency: 'xargs' found in /usr/bin/xargs.
[02/17/25 00:08:44] crowsnest: Dependency: 'ustreamer' found in bin/ustreamer/src/ustreamer.bin.
[02/17/25 00:08:44] crowsnest: Version Control: ustreamer is up to date. (v6.10)
[02/17/25 00:08:44] crowsnest: INFO: Print Configfile: '/home/chase/printer_data/config/crowsnest.conf'
[02/17/25 00:08:44] crowsnest:		[crowsnest]
[02/17/25 00:08:44] crowsnest:		log_path: /home/chase/printer_data/logs/crowsnest.log
[02/17/25 00:08:44] crowsnest:		log_level: verbose
[02/17/25 00:08:44] crowsnest:		delete_log: false
[02/17/25 00:08:44] crowsnest:		no_proxy: false
[02/17/25 00:08:44] crowsnest:		
[02/17/25 00:08:44] crowsnest:		[cam 1]
[02/17/25 00:08:44] crowsnest:		mode: ustreamer
[02/17/25 00:08:44] crowsnest:		
[02/17/25 00:08:44] crowsnest:		enable_rtsp: false
[02/17/25 00:08:44] crowsnest:		rtsp_port: 8554
[02/17/25 00:08:44] crowsnest:		port: 8080
[02/17/25 00:08:44] crowsnest:		device: /dev/video0
[02/17/25 00:08:44] crowsnest:		resolution: 640x480
[02/17/25 00:08:44] crowsnest:		max_fps: 15
[02/17/25 00:08:44] crowsnest: INFO: Detect available Devices
[02/17/25 00:08:44] crowsnest: ERROR: No usable Devices Found. Stopping crowsnest.
[02/17/25 00:08:50] crowsnest: crowsnest - A webcam Service for multiple Cams and Stream Services.
[02/17/25 00:08:50] crowsnest: Version: v4.1.10-1-gdd390b6
[02/17/25 00:08:50] crowsnest: Prepare Startup ...
[02/17/25 00:08:50] crowsnest: INFO: Host information:
[02/17/25 00:08:50] crowsnest: Host Info: Distribution: Ubuntu 20.04 LTS
[02/17/25 00:08:50] crowsnest: Host Info: Kernel: Linux 5.15.0-131-generic x86_64
[02/17/25 00:08:50] crowsnest: Host Info: Model:  Intel(R) Atom(TM) x5-Z8350  CPU @ 1.44GHz
[02/17/25 00:08:50] crowsnest: Host Info: Available CPU Cores: 4
[02/17/25 00:08:50] crowsnest: Host Info: Available Memory: 3931456 kB
[02/17/25 00:08:50] crowsnest: Host Info: Diskspace (avail. / total): 17G / 29G
[02/17/25 00:08:50] crowsnest: INFO: Checking Dependencies
[02/17/25 00:08:50] crowsnest: Dependency: 'crudini' found in /usr/bin/crudini.
[02/17/25 00:08:50] crowsnest: Dependency: 'find' found in /usr/bin/find.
[02/17/25 00:08:50] crowsnest: Dependency: 'xargs' found in /usr/bin/xargs.
[02/17/25 00:08:50] crowsnest: Dependency: 'ustreamer' found in bin/ustreamer/src/ustreamer.bin.
[02/17/25 00:08:50] crowsnest: Version Control: ustreamer is up to date. (v6.10)
[02/17/25 00:08:50] crowsnest: INFO: Print Configfile: '/home/chase/printer_data/config/crowsnest.conf'
[02/17/25 00:08:50] crowsnest:		[crowsnest]
[02/17/25 00:08:50] crowsnest:		log_path: /home/chase/printer_data/logs/crowsnest.log
[02/17/25 00:08:50] crowsnest:		log_level: verbose
[02/17/25 00:08:50] crowsnest:		delete_log: false
[02/17/25 00:08:50] crowsnest:		no_proxy: false
[02/17/25 00:08:50] crowsnest:		
[02/17/25 00:08:50] crowsnest:		[cam 1]
[02/17/25 00:08:50] crowsnest:		mode: ustreamer
[02/17/25 00:08:50] crowsnest:		
[02/17/25 00:08:50] crowsnest:		enable_rtsp: false
[02/17/25 00:08:50] crowsnest:		rtsp_port: 8554
[02/17/25 00:08:50] crowsnest:		port: 8080
[02/17/25 00:08:50] crowsnest:		device: /dev/video0
[02/17/25 00:08:50] crowsnest:		resolution: 640x480
[02/17/25 00:08:50] crowsnest:		max_fps: 15
[02/17/25 00:08:50] crowsnest: INFO: Detect available Devices
[02/17/25 00:08:50] crowsnest: ERROR: No usable Devices Found. Stopping crowsnest.
[02/17/25 00:08:56] crowsnest: crowsnest - A webcam Service for multiple Cams and Stream Services.
[02/17/25 00:08:56] crowsnest: Version: v4.1.10-1-gdd390b6
[02/17/25 00:08:56] crowsnest: Prepare Startup ...
[02/17/25 00:08:56] crowsnest: INFO: Host information:
[02/17/25 00:08:56] crowsnest: Host Info: Distribution: Ubuntu 20.04 LTS
[02/17/25 00:08:56] crowsnest: Host Info: Kernel: Linux 5.15.0-131-generic x86_64
[02/17/25 00:08:56] crowsnest: Host Info: Model:  Intel(R) Atom(TM) x5-Z8350  CPU @ 1.44GHz
[02/17/25 00:08:56] crowsnest: Host Info: Available CPU Cores: 4
[02/17/25 00:08:56] crowsnest: Host Info: Available Memory: 3931456 kB
[02/17/25 00:08:56] crowsnest: Host Info: Diskspace (avail. / total): 17G / 29G
[02/17/25 00:08:56] crowsnest: INFO: Checking Dependencies
[02/17/25 00:08:56] crowsnest: Dependency: 'crudini' found in /usr/bin/crudini.
[02/17/25 00:08:56] crowsnest: Dependency: 'find' found in /usr/bin/find.
[02/17/25 00:08:57] crowsnest: Dependency: 'xargs' found in /usr/bin/xargs.
[02/17/25 00:08:57] crowsnest: Dependency: 'ustreamer' found in bin/ustreamer/src/ustreamer.bin.
[02/17/25 00:08:57] crowsnest: Version Control: ustreamer is up to date. (v6.10)
[02/17/25 00:08:57] crowsnest: INFO: Print Configfile: '/home/chase/printer_data/config/crowsnest.conf'
[02/17/25 00:08:57] crowsnest:		[crowsnest]
[02/17/25 00:08:57] crowsnest:		log_path: /home/chase/printer_data/logs/crowsnest.log
[02/17/25 00:08:57] crowsnest:		log_level: verbose
[02/17/25 00:08:57] crowsnest:		delete_log: false
[02/17/25 00:08:57] crowsnest:		no_proxy: false
[02/17/25 00:08:57] crowsnest:		
[02/17/25 00:08:57] crowsnest:		[cam 1]
[02/17/25 00:08:57] crowsnest:		mode: ustreamer
[02/17/25 00:08:57] crowsnest:		
[02/17/25 00:08:57] crowsnest:		enable_rtsp: false
[02/17/25 00:08:57] crowsnest:		rtsp_port: 8554
[02/17/25 00:08:57] crowsnest:		port: 8080
[02/17/25 00:08:57] crowsnest:		device: /dev/video0
[02/17/25 00:08:57] crowsnest:		resolution: 640x480
[02/17/25 00:08:57] crowsnest:		max_fps: 15
[02/17/25 00:08:57] crowsnest: INFO: Detect available Devices
[02/17/25 00:08:57] crowsnest: ERROR: No usable Devices Found. Stopping crowsnest.
[02/18/25 07:53:27] crowsnest: crowsnest - A webcam Service for multiple Cams and Stream Services.
[02/18/25 07:53:27] crowsnest: Version: v4.1.10-1-gdd390b6
[02/18/25 07:53:27] crowsnest: Prepare Startup ...
[02/18/25 07:53:27] crowsnest: INFO: Host information:
[02/18/25 07:53:27] crowsnest: Host Info: Distribution: Ubuntu 20.04 LTS
[02/18/25 07:53:27] crowsnest: Host Info: Kernel: Linux 5.15.0-131-generic x86_64
[02/18/25 07:53:27] crowsnest: Host Info: Model:  Intel(R) Atom(TM) x5-Z8350  CPU @ 1.44GHz
[02/18/25 07:53:27] crowsnest: Host Info: Available CPU Cores: 4
[02/18/25 07:53:27] crowsnest: Host Info: Available Memory: 3933584 kB
[02/18/25 07:53:27] crowsnest: Host Info: Diskspace (avail. / total): 16G / 29G
[02/18/25 07:53:27] crowsnest: INFO: Checking Dependencies
[02/18/25 07:53:27] crowsnest: Dependency: 'crudini' found in /usr/bin/crudini.
[02/18/25 07:53:27] crowsnest: Dependency: 'find' found in /usr/bin/find.
[02/18/25 07:53:27] crowsnest: Dependency: 'xargs' found in /usr/bin/xargs.
[02/18/25 07:53:27] crowsnest: Dependency: 'ustreamer' found in bin/ustreamer/src/ustreamer.bin.
[02/18/25 07:53:27] crowsnest: Version Control: ustreamer is up to date. (v6.10)
[02/18/25 07:53:27] crowsnest: INFO: Print Configfile: '/home/chase/printer_data/config/crowsnest.conf'
[02/18/25 07:53:27] crowsnest:		[crowsnest]
[02/18/25 07:53:27] crowsnest:		log_path: /home/chase/printer_data/logs/crowsnest.log
[02/18/25 07:53:27] crowsnest:		log_level: verbose
[02/18/25 07:53:27] crowsnest:		delete_log: false
[02/18/25 07:53:27] crowsnest:		no_proxy: false
[02/18/25 07:53:27] crowsnest:		
[02/18/25 07:53:27] crowsnest:		[cam 1]
[02/18/25 07:53:27] crowsnest:		mode: ustreamer
[02/18/25 07:53:27] crowsnest:		
[02/18/25 07:53:27] crowsnest:		enable_rtsp: false
[02/18/25 07:53:27] crowsnest:		rtsp_port: 8554
[02/18/25 07:53:27] crowsnest:		port: 8080
[02/18/25 07:53:27] crowsnest:		device: /dev/video0
[02/18/25 07:53:27] crowsnest:		resolution: 1280x720
[02/18/25 07:53:27] crowsnest:		max_fps: 30
[02/18/25 07:53:27] crowsnest:		
[02/18/25 07:53:27] crowsnest:		[cam 2]
[02/18/25 07:53:27] crowsnest:		mode: camera-streamer
[02/18/25 07:53:27] crowsnest:		enable_rtsp: true
[02/18/25 07:53:27] crowsnest:		rtsp_port: 8554
[02/18/25 07:53:27] crowsnest:		port: 8081
[02/18/25 07:53:27] crowsnest:		device: /base/soc/i2c0mux/i2c@1/ov5647@36
[02/18/25 07:53:27] crowsnest:		resolution: 1024x768
[02/18/25 07:53:27] crowsnest:		max_fps: 30
[02/18/25 07:53:27] crowsnest: INFO: Detect available Devices
[02/18/25 07:53:27] crowsnest: INFO: Found 1 total available Device(s)
[02/18/25 07:53:27] crowsnest: INFO: Found 1 available v4l2 (UVC) camera(s)
[02/18/25 07:53:27] crowsnest: /dev/v4l/by-id/usb-Sonix_Technology_Co.__Ltd._USB_2.0_Camera-video-index0 -> /dev/video0
[02/18/25 07:53:27] crowsnest: Supported Formats:
[02/18/25 07:53:27] crowsnest:		[0]: 'MJPG' (Motion-JPEG, compressed)
[02/18/25 07:53:27] crowsnest:		Size: Discrete 1920x1080
[02/18/25 07:53:27] crowsnest:		Interval: Discrete 0.033s (30.000 fps)
[02/18/25 07:53:27] crowsnest:		Size: Discrete 640x480
[02/18/25 07:53:27] crowsnest:		Interval: Discrete 0.033s (30.000 fps)
[02/18/25 07:53:27] crowsnest:		Size: Discrete 1280x720
[02/18/25 07:53:27] crowsnest:		Interval: Discrete 0.033s (30.000 fps)
[02/18/25 07:53:27] crowsnest:		Size: Discrete 640x360
[02/18/25 07:53:27] crowsnest:		Interval: Discrete 0.033s (30.000 fps)
[02/18/25 07:53:27] crowsnest:		Size: Discrete 320x240
[02/18/25 07:53:27] crowsnest:		Interval: Discrete 0.033s (30.000 fps)
[02/18/25 07:53:27] crowsnest:		Size: Discrete 800x600
[02/18/25 07:53:27] crowsnest:		Interval: Discrete 0.033s (30.000 fps)
[02/18/25 07:53:27] crowsnest:		Size: Discrete 960x720
[02/18/25 07:53:27] crowsnest:		Interval: Discrete 0.033s (30.000 fps)
[02/18/25 07:53:27] crowsnest:		Size: Discrete 352x288
[02/18/25 07:53:27] crowsnest:		Interval: Discrete 0.033s (30.000 fps)
[02/18/25 07:53:27] crowsnest:		Size: Discrete 432x240
[02/18/25 07:53:27] crowsnest:		Interval: Discrete 0.033s (30.000 fps)
[02/18/25 07:53:27] crowsnest:		Size: Discrete 320x184
[02/18/25 07:53:27] crowsnest:		Interval: Discrete 0.033s (30.000 fps)
[02/18/25 07:53:27] crowsnest:		Size: Discrete 176x144
[02/18/25 07:53:27] crowsnest:		Interval: Discrete 0.033s (30.000 fps)
[02/18/25 07:53:27] crowsnest:		Size: Discrete 1280x960
[02/18/25 07:53:27] crowsnest:		Interval: Discrete 0.033s (30.000 fps)
[02/18/25 07:53:27] crowsnest:		Size: Discrete 1280x1024
[02/18/25 07:53:27] crowsnest:		Interval: Discrete 0.033s (30.000 fps)
[02/18/25 07:53:27] crowsnest:		Size: Discrete 1024x768
[02/18/25 07:53:27] crowsnest:		Interval: Discrete 0.033s (30.000 fps)
[02/18/25 07:53:27] crowsnest:		[1]: 'YUYV' (YUYV 4:2:2)
[02/18/25 07:53:27] crowsnest:		Size: Discrete 1920x1080
[02/18/25 07:53:27] crowsnest:		Interval: Discrete 0.200s (5.000 fps)
[02/18/25 07:53:27] crowsnest:		Size: Discrete 640x480
[02/18/25 07:53:27] crowsnest:		Interval: Discrete 0.033s (30.000 fps)
[02/18/25 07:53:27] crowsnest:		Size: Discrete 1280x720
[02/18/25 07:53:27] crowsnest:		Interval: Discrete 0.100s (10.000 fps)
[02/18/25 07:53:27] crowsnest:		Interval: Discrete 0.100s (10.000 fps)
[02/18/25 07:53:27] crowsnest:		Interval: Discrete 0.200s (5.000 fps)
[02/18/25 07:53:27] crowsnest:		Size: Discrete 432x240
[02/18/25 07:53:27] crowsnest:		Interval: Discrete 0.033s (30.000 fps)
[02/18/25 07:53:27] crowsnest:		Size: Discrete 1024x768
[02/18/25 07:53:27] crowsnest:		Interval: Discrete 0.100s (10.000 fps)
[02/18/25 07:53:27] crowsnest:		Size: Discrete 352x288
[02/18/25 07:53:27] crowsnest:		Interval: Discrete 0.033s (30.000 fps)
[02/18/25 07:53:27] crowsnest:		Size: Discrete 320x240
[02/18/25 07:53:27] crowsnest:		Interval: Discrete 0.033s (30.000 fps)
[02/18/25 07:53:27] crowsnest:		Size: Discrete 176x144
[02/18/25 07:53:27] crowsnest:		Interval: Discrete 0.033s (30.000 fps)
[02/18/25 07:53:27] crowsnest:		Size: Discrete 160x120
[02/18/25 07:53:27] crowsnest:		Interval: Discrete 0.033s (30.000 fps)
[02/18/25 07:53:27] crowsnest:		Size: Discrete 800x600
[02/18/25 07:53:27] crowsnest:		Interval: Discrete 0.050s (20.000 fps)
[02/18/25 07:53:27] crowsnest:		Size: Discrete 1280x720
[02/18/25 07:53:27] crowsnest:		Interval: Discrete 0.100s (10.000 fps)
[02/18/25 07:53:27] crowsnest:		Interval: Discrete 0.100s (10.000 fps)
[02/18/25 07:53:27] crowsnest:		Interval: Discrete 0.200s (5.000 fps)
[02/18/25 07:53:27] crowsnest:		Size: Discrete 960x720
[02/18/25 07:53:27] crowsnest:		Interval: Discrete 0.067s (15.000 fps)
[02/18/25 07:53:27] crowsnest:		Size: Discrete 1280x960
[02/18/25 07:53:27] crowsnest:		Interval: Discrete 0.200s (5.000 fps)
[02/18/25 07:53:27] crowsnest:		Size: Discrete 1280x1024
[02/18/25 07:53:27] crowsnest:		Interval: Discrete 0.200s (5.000 fps)
[02/18/25 07:53:28] crowsnest: Supported Controls:
[02/18/25 07:53:28] crowsnest:		
[02/18/25 07:53:28] crowsnest:		User Controls
[02/18/25 07:53:28] crowsnest:		
[02/18/25 07:53:28] crowsnest:		brightness 0x00980900 (int)    : min=-64 max=64 step=1 default=0 value=0
[02/18/25 07:53:28] crowsnest:		contrast 0x00980901 (int)    : min=0 max=64 step=1 default=32 value=32
[02/18/25 07:53:28] crowsnest:		saturation 0x00980902 (int)    : min=0 max=128 step=1 default=64 value=64
[02/18/25 07:53:28] crowsnest:		hue 0x00980903 (int)    : min=-40 max=40 step=1 default=0 value=0
[02/18/25 07:53:28] crowsnest:		white_balance_automatic 0x0098090c (bool)   : default=1 value=1
[02/18/25 07:53:28] crowsnest:		gamma 0x00980910 (int)    : min=72 max=500 step=1 default=100 value=100
[02/18/25 07:53:28] crowsnest:		gain 0x00980913 (int)    : min=0 max=100 step=1 default=0 value=0
[02/18/25 07:53:28] crowsnest:		power_line_frequency 0x00980918 (menu)   : min=0 max=2 default=1 value=1
[02/18/25 07:53:28] crowsnest:		0: Disabled
[02/18/25 07:53:28] crowsnest:		1: 50 Hz
[02/18/25 07:53:28] crowsnest:		2: 60 Hz
[02/18/25 07:53:28] crowsnest:		white_balance_temperature 0x0098091a (int)    : min=2800 max=6500 step=1 default=4600 value=4600 flags=inactive
[02/18/25 07:53:28] crowsnest:		sharpness 0x0098091b (int)    : min=0 max=6 step=1 default=3 value=3
[02/18/25 07:53:28] crowsnest:		backlight_compensation 0x0098091c (int)    : min=0 max=2 step=1 default=1 value=1
[02/18/25 07:53:28] crowsnest:		
[02/18/25 07:53:28] crowsnest:		Camera Controls
[02/18/25 07:53:28] crowsnest:		
[02/18/25 07:53:28] crowsnest:		auto_exposure 0x009a0901 (menu)   : min=0 max=3 default=3 value=3
[02/18/25 07:53:28] crowsnest:		1: Manual Mode
[02/18/25 07:53:28] crowsnest:		3: Aperture Priority Mode
[02/18/25 07:53:28] crowsnest:		exposure_time_absolute 0x009a0902 (int)    : min=1 max=5000 step=1 default=157 value=157 flags=inactive
[02/18/25 07:53:28] crowsnest:		exposure_dynamic_framerate 0x009a0903 (bool)   : default=0 value=1
[02/18/25 07:53:28] crowsnest: Try to start configured Cams / Services...
[02/18/25 07:53:30] crowsnest: INFO: Configuration of Section [cam 1] looks good. Continue ...
[02/18/25 07:53:32] crowsnest: INFO: Configuration of Section [cam 2] looks good. Continue ...
[02/18/25 07:53:32] crowsnest: WARN: Mode 'camera-streamer' is not supported on your device!
[02/18/25 07:53:33] crowsnest: WARN: Falling back to Mode 'ustreamer'
[02/18/25 07:53:34] crowsnest: V4L2 Control: No parameters set for [cam 1]. Skipped.
[02/18/25 07:53:36] crowsnest: V4L2 Control: No parameters set for [cam 2]. Skipped.
[02/18/25 07:53:39] crowsnest: Starting ustreamer with Device /base/soc/i2c0mux/i2c@1/ov5647@36 ...
[02/18/25 07:53:39] crowsnest: Starting ustreamer with Device /dev/video0 ...
[02/18/25 07:53:42] crowsnest:  ... Done!
[02/18/25 08:30:45] crowsnest: Shutdown or Killed by User!
[02/18/25 08:30:45] crowsnest: Please come again :)
[02/18/25 08:30:46] crowsnest: crowsnest - A webcam Service for multiple Cams and Stream Services.
[02/18/25 08:30:46] crowsnest: Version: v4.1.10-1-gdd390b6
[02/18/25 08:30:46] crowsnest: Prepare Startup ...
[02/18/25 08:30:46] crowsnest: INFO: Host information:
[02/18/25 08:30:47] crowsnest: Host Info: Distribution: Ubuntu 20.04 LTS
[02/18/25 08:30:47] crowsnest: Host Info: Kernel: Linux 5.15.0-131-generic x86_64
[02/18/25 08:30:47] crowsnest: Host Info: Model:  Intel(R) Atom(TM) x5-Z8350  CPU @ 1.44GHz
[02/18/25 08:30:47] crowsnest: Host Info: Available CPU Cores: 4
[02/18/25 08:30:47] crowsnest: Host Info: Available Memory: 3933584 kB
[02/18/25 08:30:47] crowsnest: Host Info: Diskspace (avail. / total): 16G / 29G
[02/18/25 08:30:47] crowsnest: INFO: Checking Dependencies
[02/18/25 08:30:47] crowsnest: Dependency: 'crudini' found in /usr/bin/crudini.
[02/18/25 08:30:47] crowsnest: Dependency: 'find' found in /usr/bin/find.
[02/18/25 08:30:47] crowsnest: Dependency: 'xargs' found in /usr/bin/xargs.
[02/18/25 08:30:47] crowsnest: Dependency: 'ustreamer' found in bin/ustreamer/src/ustreamer.bin.
[02/18/25 08:30:47] crowsnest: Version Control: ustreamer is up to date. (v6.10)
[02/18/25 08:30:47] crowsnest: INFO: Print Configfile: '/home/chase/printer_data/config/crowsnest.conf'
[02/18/25 08:30:47] crowsnest:		[crowsnest]
[02/18/25 08:30:47] crowsnest:		log_path: /home/chase/printer_data/logs/crowsnest.log
[02/18/25 08:30:47] crowsnest:		log_level: verbose
[02/18/25 08:30:47] crowsnest:		delete_log: false
[02/18/25 08:30:47] crowsnest:		no_proxy: false
[02/18/25 08:30:47] crowsnest:		
[02/18/25 08:30:47] crowsnest:		[cam 1]
[02/18/25 08:30:47] crowsnest:		mode: camera-streamer
[02/18/25 08:30:47] crowsnest:		
[02/18/25 08:30:47] crowsnest:		enable_rtsp: true
[02/18/25 08:30:47] crowsnest:		rtsp_port: 8554
[02/18/25 08:30:47] crowsnest:		port: 8080
[02/18/25 08:30:47] crowsnest:		device: /dev/video0
[02/18/25 08:30:47] crowsnest:		resolution: 1280x720
[02/18/25 08:30:47] crowsnest:		max_fps: 30
[02/18/25 08:30:47] crowsnest:		
[02/18/25 08:30:47] crowsnest:		[cam 2]
[02/18/25 08:30:47] crowsnest:		mode: camera-streamer
[02/18/25 08:30:47] crowsnest:		enable_rtsp: true
[02/18/25 08:30:47] crowsnest:		rtsp_port: 8555
[02/18/25 08:30:47] crowsnest:		port: 8081
[02/18/25 08:30:47] crowsnest:		device: /base/soc/i2c0mux/i2c@1/ov5647@36
[02/18/25 08:30:47] crowsnest:		resolution: 1024x768
[02/18/25 08:30:47] crowsnest:		max_fps: 30
[02/18/25 08:30:47] crowsnest: INFO: Detect available Devices
[02/18/25 08:30:47] crowsnest: INFO: Found 1 total available Device(s)
[02/18/25 08:30:47] crowsnest: INFO: Found 1 available v4l2 (UVC) camera(s)
[02/18/25 08:30:47] crowsnest: /dev/v4l/by-id/usb-Sonix_Technology_Co.__Ltd._USB_2.0_Camera-video-index0 -> /dev/video0
[02/18/25 08:30:47] crowsnest: Supported Formats:
[02/18/25 08:30:47] crowsnest:		[0]: 'MJPG' (Motion-JPEG, compressed)
[02/18/25 08:30:47] crowsnest:		Size: Discrete 1920x1080
[02/18/25 08:30:47] crowsnest:		Interval: Discrete 0.033s (30.000 fps)
[02/18/25 08:30:47] crowsnest:		Size: Discrete 640x480
[02/18/25 08:30:47] crowsnest:		Interval: Discrete 0.033s (30.000 fps)
[02/18/25 08:30:47] crowsnest:		Size: Discrete 1280x720
[02/18/25 08:30:47] crowsnest:		Interval: Discrete 0.033s (30.000 fps)
[02/18/25 08:30:47] crowsnest:		Size: Discrete 640x360
[02/18/25 08:30:47] crowsnest:		Interval: Discrete 0.033s (30.000 fps)
[02/18/25 08:30:47] crowsnest:		Size: Discrete 320x240
[02/18/25 08:30:47] crowsnest:		Interval: Discrete 0.033s (30.000 fps)
[02/18/25 08:30:47] crowsnest:		Size: Discrete 800x600
[02/18/25 08:30:47] crowsnest:		Interval: Discrete 0.033s (30.000 fps)
[02/18/25 08:30:47] crowsnest:		Size: Discrete 960x720
[02/18/25 08:30:47] crowsnest:		Interval: Discrete 0.033s (30.000 fps)
[02/18/25 08:30:47] crowsnest:		Size: Discrete 352x288
[02/18/25 08:30:47] crowsnest:		Interval: Discrete 0.033s (30.000 fps)
[02/18/25 08:30:47] crowsnest:		Size: Discrete 432x240
[02/18/25 08:30:47] crowsnest:		Interval: Discrete 0.033s (30.000 fps)
[02/18/25 08:30:47] crowsnest:		Size: Discrete 320x184
[02/18/25 08:30:47] crowsnest:		Interval: Discrete 0.033s (30.000 fps)
[02/18/25 08:30:47] crowsnest:		Size: Discrete 176x144
[02/18/25 08:30:47] crowsnest:		Interval: Discrete 0.033s (30.000 fps)
[02/18/25 08:30:47] crowsnest:		Size: Discrete 1280x960
[02/18/25 08:30:47] crowsnest:		Interval: Discrete 0.033s (30.000 fps)
[02/18/25 08:30:47] crowsnest:		Size: Discrete 1280x1024
[02/18/25 08:30:47] crowsnest:		Interval: Discrete 0.033s (30.000 fps)
[02/18/25 08:30:47] crowsnest:		Size: Discrete 1024x768
[02/18/25 08:30:47] crowsnest:		Interval: Discrete 0.033s (30.000 fps)
[02/18/25 08:30:47] crowsnest:		[1]: 'YUYV' (YUYV 4:2:2)
[02/18/25 08:30:47] crowsnest:		Size: Discrete 1920x1080
[02/18/25 08:30:47] crowsnest:		Interval: Discrete 0.200s (5.000 fps)
[02/18/25 08:30:47] crowsnest:		Size: Discrete 640x480
[02/18/25 08:30:47] crowsnest:		Interval: Discrete 0.033s (30.000 fps)
[02/18/25 08:30:47] crowsnest:		Size: Discrete 1280x720
[02/18/25 08:30:47] crowsnest:		Interval: Discrete 0.100s (10.000 fps)
[02/18/25 08:30:47] crowsnest:		Interval: Discrete 0.100s (10.000 fps)
[02/18/25 08:30:47] crowsnest:		Interval: Discrete 0.200s (5.000 fps)
[02/18/25 08:30:47] crowsnest:		Size: Discrete 432x240
[02/18/25 08:30:47] crowsnest:		Interval: Discrete 0.033s (30.000 fps)
[02/18/25 08:30:47] crowsnest:		Size: Discrete 1024x768
[02/18/25 08:30:47] crowsnest:		Interval: Discrete 0.100s (10.000 fps)
[02/18/25 08:30:47] crowsnest:		Size: Discrete 352x288
[02/18/25 08:30:47] crowsnest:		Interval: Discrete 0.033s (30.000 fps)
[02/18/25 08:30:47] crowsnest:		Size: Discrete 320x240
[02/18/25 08:30:47] crowsnest:		Interval: Discrete 0.033s (30.000 fps)
[02/18/25 08:30:47] crowsnest:		Size: Discrete 176x144
[02/18/25 08:30:47] crowsnest:		Interval: Discrete 0.033s (30.000 fps)
[02/18/25 08:30:47] crowsnest:		Size: Discrete 160x120
[02/18/25 08:30:47] crowsnest:		Interval: Discrete 0.033s (30.000 fps)
[02/18/25 08:30:47] crowsnest:		Size: Discrete 800x600
[02/18/25 08:30:47] crowsnest:		Interval: Discrete 0.050s (20.000 fps)
[02/18/25 08:30:47] crowsnest:		Size: Discrete 1280x720
[02/18/25 08:30:47] crowsnest:		Interval: Discrete 0.100s (10.000 fps)
[02/18/25 08:30:47] crowsnest:		Interval: Discrete 0.100s (10.000 fps)
[02/18/25 08:30:47] crowsnest:		Interval: Discrete 0.200s (5.000 fps)
[02/18/25 08:30:47] crowsnest:		Size: Discrete 960x720
[02/18/25 08:30:47] crowsnest:		Interval: Discrete 0.067s (15.000 fps)
[02/18/25 08:30:47] crowsnest:		Size: Discrete 1280x960
[02/18/25 08:30:47] crowsnest:		Interval: Discrete 0.200s (5.000 fps)
[02/18/25 08:30:47] crowsnest:		Size: Discrete 1280x1024
[02/18/25 08:30:47] crowsnest:		Interval: Discrete 0.200s (5.000 fps)
[02/18/25 08:30:47] crowsnest: Supported Controls:
[02/18/25 08:30:47] crowsnest:		
[02/18/25 08:30:47] crowsnest:		User Controls
[02/18/25 08:30:47] crowsnest:		
[02/18/25 08:30:47] crowsnest:		brightness 0x00980900 (int)    : min=-64 max=64 step=1 default=0 value=0
[02/18/25 08:30:47] crowsnest:		contrast 0x00980901 (int)    : min=0 max=64 step=1 default=32 value=32
[02/18/25 08:30:47] crowsnest:		saturation 0x00980902 (int)    : min=0 max=128 step=1 default=64 value=64
[02/18/25 08:30:47] crowsnest:		hue 0x00980903 (int)    : min=-40 max=40 step=1 default=0 value=0
[02/18/25 08:30:47] crowsnest:		white_balance_automatic 0x0098090c (bool)   : default=1 value=1
[02/18/25 08:30:47] crowsnest:		gamma 0x00980910 (int)    : min=72 max=500 step=1 default=100 value=100
[02/18/25 08:30:47] crowsnest:		gain 0x00980913 (int)    : min=0 max=100 step=1 default=0 value=0
[02/18/25 08:30:47] crowsnest:		power_line_frequency 0x00980918 (menu)   : min=0 max=2 default=1 value=1
[02/18/25 08:30:47] crowsnest:		0: Disabled
[02/18/25 08:30:47] crowsnest:		1: 50 Hz
[02/18/25 08:30:47] crowsnest:		2: 60 Hz
[02/18/25 08:30:47] crowsnest:		white_balance_temperature 0x0098091a (int)    : min=2800 max=6500 step=1 default=4600 value=4600 flags=inactive
[02/18/25 08:30:47] crowsnest:		sharpness 0x0098091b (int)    : min=0 max=6 step=1 default=3 value=3
[02/18/25 08:30:47] crowsnest:		backlight_compensation 0x0098091c (int)    : min=0 max=2 step=1 default=1 value=1
[02/18/25 08:30:47] crowsnest:		
[02/18/25 08:30:47] crowsnest:		Camera Controls
[02/18/25 08:30:47] crowsnest:		
[02/18/25 08:30:47] crowsnest:		auto_exposure 0x009a0901 (menu)   : min=0 max=3 default=3 value=3
[02/18/25 08:30:47] crowsnest:		1: Manual Mode
[02/18/25 08:30:47] crowsnest:		3: Aperture Priority Mode
[02/18/25 08:30:47] crowsnest:		exposure_time_absolute 0x009a0902 (int)    : min=1 max=5000 step=1 default=157 value=157 flags=inactive
[02/18/25 08:30:47] crowsnest:		exposure_dynamic_framerate 0x009a0903 (bool)   : default=0 value=1
[02/18/25 08:30:47] crowsnest: Try to start configured Cams / Services...
[02/18/25 08:30:49] crowsnest: INFO: Configuration of Section [cam 1] looks good. Continue ...
[02/18/25 08:30:49] crowsnest: WARN: Mode 'camera-streamer' is not supported on your device!
[02/18/25 08:30:49] crowsnest: WARN: Falling back to Mode 'ustreamer'
[02/18/25 08:30:50] crowsnest: INFO: Configuration of Section [cam 2] looks good. Continue ...
[02/18/25 08:30:50] crowsnest: WARN: Mode 'camera-streamer' is not supported on your device!
[02/18/25 08:30:50] crowsnest: WARN: Falling back to Mode 'ustreamer'
[02/18/25 08:30:51] crowsnest: V4L2 Control: No parameters set for [cam 1]. Skipped.
[02/18/25 08:30:51] crowsnest: V4L2 Control: No parameters set for [cam 2]. Skipped.
[02/18/25 08:30:53] crowsnest: Starting ustreamer with Device /base/soc/i2c0mux/i2c@1/ov5647@36 ...
[02/18/25 08:30:53] crowsnest: Starting ustreamer with Device /dev/video0 ...
[02/18/25 08:30:56] crowsnest:  ... Done!
[02/18/25 08:33:27] crowsnest: Shutdown or Killed by User!
[02/18/25 08:33:27] crowsnest: Please come again :)
[02/18/25 08:33:28] crowsnest: crowsnest - A webcam Service for multiple Cams and Stream Services.
[02/18/25 08:33:28] crowsnest: Version: v4.1.10-1-gdd390b6
[02/18/25 08:33:28] crowsnest: Prepare Startup ...
[02/18/25 08:33:28] crowsnest: INFO: Host information:
[02/18/25 08:33:28] crowsnest: Host Info: Distribution: Ubuntu 20.04 LTS
[02/18/25 08:33:28] crowsnest: Host Info: Kernel: Linux 5.15.0-131-generic x86_64
[02/18/25 08:33:28] crowsnest: Host Info: Model:  Intel(R) Atom(TM) x5-Z8350  CPU @ 1.44GHz
[02/18/25 08:33:28] crowsnest: Host Info: Available CPU Cores: 4
[02/18/25 08:33:28] crowsnest: Host Info: Available Memory: 3933584 kB
[02/18/25 08:33:28] crowsnest: Host Info: Diskspace (avail. / total): 16G / 29G
[02/18/25 08:33:28] crowsnest: INFO: Checking Dependencies
[02/18/25 08:33:28] crowsnest: Dependency: 'crudini' found in /usr/bin/crudini.
[02/18/25 08:33:28] crowsnest: Dependency: 'find' found in /usr/bin/find.
[02/18/25 08:33:28] crowsnest: Dependency: 'xargs' found in /usr/bin/xargs.
[02/18/25 08:33:28] crowsnest: Dependency: 'ustreamer' found in bin/ustreamer/src/ustreamer.bin.
[02/18/25 08:33:28] crowsnest: Version Control: ustreamer is up to date. (v6.10)
[02/18/25 08:33:28] crowsnest: INFO: Print Configfile: '/home/chase/printer_data/config/crowsnest.conf'
[02/18/25 08:33:28] crowsnest:		[crowsnest]
[02/18/25 08:33:28] crowsnest:		log_path: /home/chase/printer_data/logs/crowsnest.log
[02/18/25 08:33:28] crowsnest:		log_level: verbose
[02/18/25 08:33:28] crowsnest:		delete_log: false
[02/18/25 08:33:28] crowsnest:		no_proxy: false
[02/18/25 08:33:28] crowsnest:		
[02/18/25 08:33:28] crowsnest:		[cam 1]
[02/18/25 08:33:28] crowsnest:		mode: ustreamer
[02/18/25 08:33:28] crowsnest:		
[02/18/25 08:33:28] crowsnest:		enable_rtsp: true
[02/18/25 08:33:28] crowsnest:		rtsp_port: 8554
[02/18/25 08:33:28] crowsnest:		port: 8080
[02/18/25 08:33:28] crowsnest:		device: /dev/video0
[02/18/25 08:33:28] crowsnest:		resolution: 854x480
[02/18/25 08:33:28] crowsnest:		max_fps: 18
[02/18/25 08:33:28] crowsnest:		
[02/18/25 08:33:28] crowsnest:		[cam 2]
[02/18/25 08:33:28] crowsnest:		mode: camera-streamer
[02/18/25 08:33:28] crowsnest:		enable_rtsp: true
[02/18/25 08:33:28] crowsnest:		rtsp_port: 8555
[02/18/25 08:33:28] crowsnest:		port: 8081
[02/18/25 08:33:28] crowsnest:		device: /base/soc/i2c0mux/i2c@1/ov5647@36
[02/18/25 08:33:28] crowsnest:		resolution: 1024x768
[02/18/25 08:33:28] crowsnest:		max_fps: 30
[02/18/25 08:33:28] crowsnest: INFO: Detect available Devices
[02/18/25 08:33:28] crowsnest: INFO: Found 1 total available Device(s)
[02/18/25 08:33:28] crowsnest: INFO: Found 1 available v4l2 (UVC) camera(s)
[02/18/25 08:33:28] crowsnest: /dev/v4l/by-id/usb-Sonix_Technology_Co.__Ltd._USB_2.0_Camera-video-index0 -> /dev/video0
[02/18/25 08:33:28] crowsnest: Supported Formats:
[02/18/25 08:33:28] crowsnest:		[0]: 'MJPG' (Motion-JPEG, compressed)
[02/18/25 08:33:28] crowsnest:		Size: Discrete 1920x1080
[02/18/25 08:33:28] crowsnest:		Interval: Discrete 0.033s (30.000 fps)
[02/18/25 08:33:28] crowsnest:		Size: Discrete 640x480
[02/18/25 08:33:28] crowsnest:		Interval: Discrete 0.033s (30.000 fps)
[02/18/25 08:33:28] crowsnest:		Size: Discrete 1280x720
[02/18/25 08:33:28] crowsnest:		Interval: Discrete 0.033s (30.000 fps)
[02/18/25 08:33:28] crowsnest:		Size: Discrete 640x360
[02/18/25 08:33:28] crowsnest:		Interval: Discrete 0.033s (30.000 fps)
[02/18/25 08:33:28] crowsnest:		Size: Discrete 320x240
[02/18/25 08:33:28] crowsnest:		Interval: Discrete 0.033s (30.000 fps)
[02/18/25 08:33:28] crowsnest:		Size: Discrete 800x600
[02/18/25 08:33:28] crowsnest:		Interval: Discrete 0.033s (30.000 fps)
[02/18/25 08:33:28] crowsnest:		Size: Discrete 960x720
[02/18/25 08:33:28] crowsnest:		Interval: Discrete 0.033s (30.000 fps)
[02/18/25 08:33:28] crowsnest:		Size: Discrete 352x288
[02/18/25 08:33:28] crowsnest:		Interval: Discrete 0.033s (30.000 fps)
[02/18/25 08:33:28] crowsnest:		Size: Discrete 432x240
[02/18/25 08:33:28] crowsnest:		Interval: Discrete 0.033s (30.000 fps)
[02/18/25 08:33:28] crowsnest:		Size: Discrete 320x184
[02/18/25 08:33:28] crowsnest:		Interval: Discrete 0.033s (30.000 fps)
[02/18/25 08:33:28] crowsnest:		Size: Discrete 176x144
[02/18/25 08:33:28] crowsnest:		Interval: Discrete 0.033s (30.000 fps)
[02/18/25 08:33:28] crowsnest:		Size: Discrete 1280x960
[02/18/25 08:33:28] crowsnest:		Interval: Discrete 0.033s (30.000 fps)
[02/18/25 08:33:28] crowsnest:		Size: Discrete 1280x1024
[02/18/25 08:33:28] crowsnest:		Interval: Discrete 0.033s (30.000 fps)
[02/18/25 08:33:28] crowsnest:		Size: Discrete 1024x768
[02/18/25 08:33:28] crowsnest:		Interval: Discrete 0.033s (30.000 fps)
[02/18/25 08:33:28] crowsnest:		[1]: 'YUYV' (YUYV 4:2:2)
[02/18/25 08:33:28] crowsnest:		Size: Discrete 1920x1080
[02/18/25 08:33:28] crowsnest:		Interval: Discrete 0.200s (5.000 fps)
[02/18/25 08:33:28] crowsnest:		Size: Discrete 640x480
[02/18/25 08:33:28] crowsnest:		Interval: Discrete 0.033s (30.000 fps)
[02/18/25 08:33:28] crowsnest:		Size: Discrete 1280x720
[02/18/25 08:33:28] crowsnest:		Interval: Discrete 0.100s (10.000 fps)
[02/18/25 08:33:28] crowsnest:		Interval: Discrete 0.100s (10.000 fps)
[02/18/25 08:33:28] crowsnest:		Interval: Discrete 0.200s (5.000 fps)
[02/18/25 08:33:28] crowsnest:		Size: Discrete 432x240
[02/18/25 08:33:28] crowsnest:		Interval: Discrete 0.033s (30.000 fps)
[02/18/25 08:33:28] crowsnest:		Size: Discrete 1024x768
[02/18/25 08:33:28] crowsnest:		Interval: Discrete 0.100s (10.000 fps)
[02/18/25 08:33:28] crowsnest:		Size: Discrete 352x288
[02/18/25 08:33:28] crowsnest:		Interval: Discrete 0.033s (30.000 fps)
[02/18/25 08:33:28] crowsnest:		Size: Discrete 320x240
[02/18/25 08:33:28] crowsnest:		Interval: Discrete 0.033s (30.000 fps)
[02/18/25 08:33:28] crowsnest:		Size: Discrete 176x144
[02/18/25 08:33:28] crowsnest:		Interval: Discrete 0.033s (30.000 fps)
[02/18/25 08:33:28] crowsnest:		Size: Discrete 160x120
[02/18/25 08:33:28] crowsnest:		Interval: Discrete 0.033s (30.000 fps)
[02/18/25 08:33:28] crowsnest:		Size: Discrete 800x600
[02/18/25 08:33:28] crowsnest:		Interval: Discrete 0.050s (20.000 fps)
[02/18/25 08:33:28] crowsnest:		Size: Discrete 1280x720
[02/18/25 08:33:28] crowsnest:		Interval: Discrete 0.100s (10.000 fps)
[02/18/25 08:33:28] crowsnest:		Interval: Discrete 0.100s (10.000 fps)
[02/18/25 08:33:28] crowsnest:		Interval: Discrete 0.200s (5.000 fps)
[02/18/25 08:33:28] crowsnest:		Size: Discrete 960x720
[02/18/25 08:33:28] crowsnest:		Interval: Discrete 0.067s (15.000 fps)
[02/18/25 08:33:28] crowsnest:		Size: Discrete 1280x960
[02/18/25 08:33:28] crowsnest:		Interval: Discrete 0.200s (5.000 fps)
[02/18/25 08:33:28] crowsnest:		Size: Discrete 1280x1024
[02/18/25 08:33:28] crowsnest:		Interval: Discrete 0.200s (5.000 fps)
[02/18/25 08:33:28] crowsnest: Supported Controls:
[02/18/25 08:33:28] crowsnest:		
[02/18/25 08:33:28] crowsnest:		User Controls
[02/18/25 08:33:28] crowsnest:		
[02/18/25 08:33:28] crowsnest:		brightness 0x00980900 (int)    : min=-64 max=64 step=1 default=0 value=0
[02/18/25 08:33:28] crowsnest:		contrast 0x00980901 (int)    : min=0 max=64 step=1 default=32 value=32
[02/18/25 08:33:28] crowsnest:		saturation 0x00980902 (int)    : min=0 max=128 step=1 default=64 value=64
[02/18/25 08:33:28] crowsnest:		hue 0x00980903 (int)    : min=-40 max=40 step=1 default=0 value=0
[02/18/25 08:33:28] crowsnest:		white_balance_automatic 0x0098090c (bool)   : default=1 value=1
[02/18/25 08:33:28] crowsnest:		gamma 0x00980910 (int)    : min=72 max=500 step=1 default=100 value=100
[02/18/25 08:33:28] crowsnest:		gain 0x00980913 (int)    : min=0 max=100 step=1 default=0 value=0
[02/18/25 08:33:28] crowsnest:		power_line_frequency 0x00980918 (menu)   : min=0 max=2 default=1 value=1
[02/18/25 08:33:28] crowsnest:		0: Disabled
[02/18/25 08:33:28] crowsnest:		1: 50 Hz
[02/18/25 08:33:28] crowsnest:		2: 60 Hz
[02/18/25 08:33:28] crowsnest:		white_balance_temperature 0x0098091a (int)    : min=2800 max=6500 step=1 default=4600 value=4600 flags=inactive
[02/18/25 08:33:28] crowsnest:		sharpness 0x0098091b (int)    : min=0 max=6 step=1 default=3 value=3
[02/18/25 08:33:28] crowsnest:		backlight_compensation 0x0098091c (int)    : min=0 max=2 step=1 default=1 value=1
[02/18/25 08:33:28] crowsnest:		
[02/18/25 08:33:28] crowsnest:		Camera Controls
[02/18/25 08:33:28] crowsnest:		
[02/18/25 08:33:28] crowsnest:		auto_exposure 0x009a0901 (menu)   : min=0 max=3 default=3 value=3
[02/18/25 08:33:28] crowsnest:		1: Manual Mode
[02/18/25 08:33:28] crowsnest:		3: Aperture Priority Mode
[02/18/25 08:33:28] crowsnest:		exposure_time_absolute 0x009a0902 (int)    : min=1 max=5000 step=1 default=157 value=157 flags=inactive
[02/18/25 08:33:28] crowsnest:		exposure_dynamic_framerate 0x009a0903 (bool)   : default=0 value=1
[02/18/25 08:33:28] crowsnest: Try to start configured Cams / Services...
[02/18/25 08:33:30] crowsnest: INFO: Configuration of Section [cam 1] looks good. Continue ...
[02/18/25 08:33:31] crowsnest: INFO: Configuration of Section [cam 2] looks good. Continue ...
[02/18/25 08:33:31] crowsnest: WARN: Mode 'camera-streamer' is not supported on your device!
[02/18/25 08:33:31] crowsnest: WARN: Falling back to Mode 'ustreamer'
[02/18/25 08:33:32] crowsnest: V4L2 Control: No parameters set for [cam 1]. Skipped.
[02/18/25 08:33:32] crowsnest: V4L2 Control: No parameters set for [cam 2]. Skipped.
[02/18/25 08:33:34] crowsnest: Starting ustreamer with Device /dev/video0 ...
[02/18/25 08:33:34] crowsnest: Starting ustreamer with Device /base/soc/i2c0mux/i2c@1/ov5647@36 ...
[02/18/25 08:33:37] crowsnest:  ... Done!
[02/18/25 08:40:09] crowsnest: Shutdown or Killed by User!
[02/18/25 08:40:09] crowsnest: Please come again :)
[02/18/25 08:40:09] crowsnest: Goodbye...
[02/18/25 08:40:10] crowsnest: crowsnest - A webcam Service for multiple Cams and Stream Services.
[02/18/25 08:40:10] crowsnest: Version: v4.1.10-1-gdd390b6
[02/18/25 08:40:10] crowsnest: Prepare Startup ...
[02/18/25 08:40:10] crowsnest: INFO: Host information:
[02/18/25 08:40:10] crowsnest: Host Info: Distribution: Ubuntu 20.04 LTS
[02/18/25 08:40:10] crowsnest: Host Info: Kernel: Linux 5.15.0-131-generic x86_64
[02/18/25 08:40:10] crowsnest: Host Info: Model:  Intel(R) Atom(TM) x5-Z8350  CPU @ 1.44GHz
[02/18/25 08:40:10] crowsnest: Host Info: Available CPU Cores: 4
[02/18/25 08:40:10] crowsnest: Host Info: Available Memory: 3933584 kB
[02/18/25 08:40:10] crowsnest: Host Info: Diskspace (avail. / total): 16G / 29G
[02/18/25 08:40:10] crowsnest: INFO: Checking Dependencies
[02/18/25 08:40:10] crowsnest: Dependency: 'crudini' found in /usr/bin/crudini.
[02/18/25 08:40:10] crowsnest: Dependency: 'find' found in /usr/bin/find.
[02/18/25 08:40:10] crowsnest: Dependency: 'xargs' found in /usr/bin/xargs.
[02/18/25 08:40:10] crowsnest: Dependency: 'ustreamer' found in bin/ustreamer/src/ustreamer.bin.
[02/18/25 08:40:10] crowsnest: Version Control: ustreamer is up to date. (v6.10)
[02/18/25 08:40:10] crowsnest: INFO: Print Configfile: '/home/chase/printer_data/config/crowsnest.conf'
[02/18/25 08:40:10] crowsnest:		[crowsnest]
[02/18/25 08:40:10] crowsnest:		log_path: /home/chase/printer_data/logs/crowsnest.log
[02/18/25 08:40:10] crowsnest:		log_level: verbose
[02/18/25 08:40:10] crowsnest:		delete_log: false
[02/18/25 08:40:10] crowsnest:		no_proxy: false
[02/18/25 08:40:10] crowsnest:		
[02/18/25 08:40:10] crowsnest:		[cam 1]
[02/18/25 08:40:10] crowsnest:		mode: ustreamer
[02/18/25 08:40:10] crowsnest:		
[02/18/25 08:40:10] crowsnest:		enable_rtsp: false
[02/18/25 08:40:10] crowsnest:		rtsp_port: 8554
[02/18/25 08:40:10] crowsnest:		port: 8080
[02/18/25 08:40:10] crowsnest:		device: /dev/video0
[02/18/25 08:40:10] crowsnest:		resolution: 854x480
[02/18/25 08:40:10] crowsnest:		max_fps: 18
[02/18/25 08:40:10] crowsnest:		
[02/18/25 08:40:10] crowsnest: INFO: Detect available Devices
[02/18/25 08:40:10] crowsnest: INFO: Found 1 total available Device(s)
[02/18/25 08:40:10] crowsnest: INFO: Found 1 available v4l2 (UVC) camera(s)
[02/18/25 08:40:10] crowsnest: /dev/v4l/by-id/usb-Sonix_Technology_Co.__Ltd._USB_2.0_Camera-video-index0 -> /dev/video0
[02/18/25 08:40:10] crowsnest: Supported Formats:
[02/18/25 08:40:10] crowsnest:		[0]: 'MJPG' (Motion-JPEG, compressed)
[02/18/25 08:40:10] crowsnest:		Size: Discrete 1920x1080
[02/18/25 08:40:10] crowsnest:		Interval: Discrete 0.033s (30.000 fps)
[02/18/25 08:40:10] crowsnest:		Size: Discrete 640x480
[02/18/25 08:40:10] crowsnest:		Interval: Discrete 0.033s (30.000 fps)
[02/18/25 08:40:10] crowsnest:		Size: Discrete 1280x720
[02/18/25 08:40:10] crowsnest:		Interval: Discrete 0.033s (30.000 fps)
[02/18/25 08:40:10] crowsnest:		Size: Discrete 640x360
[02/18/25 08:40:10] crowsnest:		Interval: Discrete 0.033s (30.000 fps)
[02/18/25 08:40:10] crowsnest:		Size: Discrete 320x240
[02/18/25 08:40:10] crowsnest:		Interval: Discrete 0.033s (30.000 fps)
[02/18/25 08:40:10] crowsnest:		Size: Discrete 800x600
[02/18/25 08:40:10] crowsnest:		Interval: Discrete 0.033s (30.000 fps)
[02/18/25 08:40:10] crowsnest:		Size: Discrete 960x720
[02/18/25 08:40:10] crowsnest:		Interval: Discrete 0.033s (30.000 fps)
[02/18/25 08:40:10] crowsnest:		Size: Discrete 352x288
[02/18/25 08:40:10] crowsnest:		Interval: Discrete 0.033s (30.000 fps)
[02/18/25 08:40:10] crowsnest:		Size: Discrete 432x240
[02/18/25 08:40:10] crowsnest:		Interval: Discrete 0.033s (30.000 fps)
[02/18/25 08:40:10] crowsnest:		Size: Discrete 320x184
[02/18/25 08:40:10] crowsnest:		Interval: Discrete 0.033s (30.000 fps)
[02/18/25 08:40:10] crowsnest:		Size: Discrete 176x144
[02/18/25 08:40:10] crowsnest:		Interval: Discrete 0.033s (30.000 fps)
[02/18/25 08:40:10] crowsnest:		Size: Discrete 1280x960
[02/18/25 08:40:10] crowsnest:		Interval: Discrete 0.033s (30.000 fps)
[02/18/25 08:40:10] crowsnest:		Size: Discrete 1280x1024
[02/18/25 08:40:10] crowsnest:		Interval: Discrete 0.033s (30.000 fps)
[02/18/25 08:40:10] crowsnest:		Size: Discrete 1024x768
[02/18/25 08:40:10] crowsnest:		Interval: Discrete 0.033s (30.000 fps)
[02/18/25 08:40:10] crowsnest:		[1]: 'YUYV' (YUYV 4:2:2)
[02/18/25 08:40:10] crowsnest:		Size: Discrete 1920x1080
[02/18/25 08:40:10] crowsnest:		Interval: Discrete 0.200s (5.000 fps)
[02/18/25 08:40:10] crowsnest:		Size: Discrete 640x480
[02/18/25 08:40:10] crowsnest:		Interval: Discrete 0.033s (30.000 fps)
[02/18/25 08:40:10] crowsnest:		Size: Discrete 1280x720
[02/18/25 08:40:10] crowsnest:		Interval: Discrete 0.100s (10.000 fps)
[02/18/25 08:40:10] crowsnest:		Interval: Discrete 0.100s (10.000 fps)
[02/18/25 08:40:10] crowsnest:		Interval: Discrete 0.200s (5.000 fps)
[02/18/25 08:40:10] crowsnest:		Size: Discrete 432x240
[02/18/25 08:40:10] crowsnest:		Interval: Discrete 0.033s (30.000 fps)
[02/18/25 08:40:10] crowsnest:		Size: Discrete 1024x768
[02/18/25 08:40:10] crowsnest:		Interval: Discrete 0.100s (10.000 fps)
[02/18/25 08:40:10] crowsnest:		Size: Discrete 352x288
[02/18/25 08:40:10] crowsnest:		Interval: Discrete 0.033s (30.000 fps)
[02/18/25 08:40:10] crowsnest:		Size: Discrete 320x240
[02/18/25 08:40:10] crowsnest:		Interval: Discrete 0.033s (30.000 fps)
[02/18/25 08:40:10] crowsnest:		Size: Discrete 176x144
[02/18/25 08:40:10] crowsnest:		Interval: Discrete 0.033s (30.000 fps)
[02/18/25 08:40:10] crowsnest:		Size: Discrete 160x120
[02/18/25 08:40:10] crowsnest:		Interval: Discrete 0.033s (30.000 fps)
[02/18/25 08:40:10] crowsnest:		Size: Discrete 800x600
[02/18/25 08:40:10] crowsnest:		Interval: Discrete 0.050s (20.000 fps)
[02/18/25 08:40:10] crowsnest:		Size: Discrete 1280x720
[02/18/25 08:40:10] crowsnest:		Interval: Discrete 0.100s (10.000 fps)
[02/18/25 08:40:10] crowsnest:		Interval: Discrete 0.100s (10.000 fps)
[02/18/25 08:40:10] crowsnest:		Interval: Discrete 0.200s (5.000 fps)
[02/18/25 08:40:10] crowsnest:		Size: Discrete 960x720
[02/18/25 08:40:10] crowsnest:		Interval: Discrete 0.067s (15.000 fps)
[02/18/25 08:40:10] crowsnest:		Size: Discrete 1280x960
[02/18/25 08:40:10] crowsnest:		Interval: Discrete 0.200s (5.000 fps)
[02/18/25 08:40:10] crowsnest:		Size: Discrete 1280x1024
[02/18/25 08:40:10] crowsnest:		Interval: Discrete 0.200s (5.000 fps)
[02/18/25 08:40:10] crowsnest: Supported Controls:
[02/18/25 08:40:10] crowsnest:		
[02/18/25 08:40:10] crowsnest:		User Controls
[02/18/25 08:40:10] crowsnest:		
[02/18/25 08:40:10] crowsnest:		brightness 0x00980900 (int)    : min=-64 max=64 step=1 default=0 value=0
[02/18/25 08:40:10] crowsnest:		contrast 0x00980901 (int)    : min=0 max=64 step=1 default=32 value=32
[02/18/25 08:40:10] crowsnest:		saturation 0x00980902 (int)    : min=0 max=128 step=1 default=64 value=64
[02/18/25 08:40:10] crowsnest:		hue 0x00980903 (int)    : min=-40 max=40 step=1 default=0 value=0
[02/18/25 08:40:10] crowsnest:		white_balance_automatic 0x0098090c (bool)   : default=1 value=1
[02/18/25 08:40:10] crowsnest:		gamma 0x00980910 (int)    : min=72 max=500 step=1 default=100 value=100
[02/18/25 08:40:10] crowsnest:		gain 0x00980913 (int)    : min=0 max=100 step=1 default=0 value=0
[02/18/25 08:40:10] crowsnest:		power_line_frequency 0x00980918 (menu)   : min=0 max=2 default=1 value=1
[02/18/25 08:40:10] crowsnest:		0: Disabled
[02/18/25 08:40:10] crowsnest:		1: 50 Hz
[02/18/25 08:40:10] crowsnest:		2: 60 Hz
[02/18/25 08:40:10] crowsnest:		white_balance_temperature 0x0098091a (int)    : min=2800 max=6500 step=1 default=4600 value=4600 flags=inactive
[02/18/25 08:40:10] crowsnest:		sharpness 0x0098091b (int)    : min=0 max=6 step=1 default=3 value=3
[02/18/25 08:40:10] crowsnest:		backlight_compensation 0x0098091c (int)    : min=0 max=2 step=1 default=1 value=1
[02/18/25 08:40:10] crowsnest:		
[02/18/25 08:40:10] crowsnest:		Camera Controls
[02/18/25 08:40:10] crowsnest:		
[02/18/25 08:40:10] crowsnest:		auto_exposure 0x009a0901 (menu)   : min=0 max=3 default=3 value=3
[02/18/25 08:40:10] crowsnest:		1: Manual Mode
[02/18/25 08:40:10] crowsnest:		3: Aperture Priority Mode
[02/18/25 08:40:10] crowsnest:		exposure_time_absolute 0x009a0902 (int)    : min=1 max=5000 step=1 default=157 value=157 flags=inactive
[02/18/25 08:40:10] crowsnest:		exposure_dynamic_framerate 0x009a0903 (bool)   : default=0 value=1
[02/18/25 08:40:10] crowsnest: Try to start configured Cams / Services...
[02/18/25 08:40:12] crowsnest: INFO: Configuration of Section [cam 1] looks good. Continue ...
[02/18/25 08:40:13] crowsnest: V4L2 Control: No parameters set for [cam 1]. Skipped.
[02/18/25 08:40:14] crowsnest: Starting ustreamer with Device /dev/video0 ...
[02/18/25 08:40:16] crowsnest:  ... Done!
[02/18/25 11:40:12] crowsnest: crowsnest - A webcam Service for multiple Cams and Stream Services.
[02/18/25 11:40:12] crowsnest: Version: v4.1.10-1-gdd390b6
[02/18/25 11:40:12] crowsnest: Prepare Startup ...
[02/18/25 11:40:12] crowsnest: INFO: Host information:
[02/18/25 11:40:12] crowsnest: Host Info: Distribution: Ubuntu 20.04.6 LTS
[02/18/25 11:40:12] crowsnest: Host Info: Kernel: Linux 5.15.0-131-generic x86_64
[02/18/25 11:40:12] crowsnest: Host Info: Model:  Intel(R) Atom(TM) x5-Z8350  CPU @ 1.44GHz
[02/18/25 11:40:12] crowsnest: Host Info: Available CPU Cores: 4
[02/18/25 11:40:12] crowsnest: Host Info: Available Memory: 3933584 kB
[02/18/25 11:40:12] crowsnest: Host Info: Diskspace (avail. / total): 15G / 29G
[02/18/25 11:40:12] crowsnest: INFO: Checking Dependencies
[02/18/25 11:40:12] crowsnest: Dependency: 'crudini' found in /usr/bin/crudini.
[02/18/25 11:40:12] crowsnest: Dependency: 'find' found in /usr/bin/find.
