=============== Log rollover at Sun Feb 23 12:25:32 2025 ===============
Starting Klippy...
Args: ['/home/chase/klipper/klippy/klippy.py', '/home/chase/printer_data/config/printer.cfg', '-I', '/home/chase/printer_data/comms/klippy.serial', '-l', '/home/chase/printer_data/logs/klippy.log', '-a', '/home/chase/printer_data/comms/klippy.sock']
Git version: 'v0.12.0-439-g1fc6d214f-dirty'
Untracked files: klippy/extras/gcode_shell_command.py
Branch: master
Remote: origin
Tracked URL: https://github.com/Klipper3d/klipper
CPU: 4 core Intel(R) Atom(TM) x5-Z8350  CPU @ 1.44GHz
Python: '3.8.10 (default, Feb  4 2025, 15:02:54) \n[GCC 9.4.0]'
Start printer at Sun Feb 23 12:25:32 2025 (1740331532.6 422159.6)
===== Config file =====
[virtual_sdcard]
path = ~/printer_data/gcodes
on_error_gcode = CANCEL_PRINT

[pause_resume]
recover_velocity = 50

[display_status]

[respond]

[gcode_macro CANCEL_PRINT]
description = Cancel the actual running print
rename_existing = CANCEL_PRINT_BASE
gcode = 
	
	{% set client = printer['gcode_macro _CLIENT_VARIABLE']|default({}) %}
	{% set allow_park = client.park_at_cancel|default(false)|lower == 'true' %}
	{% set retract = client.cancel_retract|default(5.0)|abs %}
	
	{% set park_x = "" if (client.park_at_cancel_x|default(none) is none)
	else "X=" ~ client.park_at_cancel_x %}
	{% set park_y = "" if (client.park_at_cancel_y|default(none) is none)
	else "Y=" ~ client.park_at_cancel_y %}
	{% set custom_park = park_x|length > 0 or park_y|length > 0 %}
	
	
	{% if printer['gcode_macro RESUME'].restore_idle_timeout > 0 %}
	SET_IDLE_TIMEOUT TIMEOUT={printer['gcode_macro RESUME'].restore_idle_timeout}
	{% endif %}
	{% if (custom_park or not printer.pause_resume.is_paused) and allow_park %} _TOOLHEAD_PARK_PAUSE_CANCEL {park_x} {park_y} {% endif %}
	_CLIENT_RETRACT LENGTH={retract}
	TURN_OFF_HEATERS
	M106 S0
	{client.user_cancel_macro|default("")}
	SET_GCODE_VARIABLE MACRO=RESUME VARIABLE=idle_state VALUE=False
	
	SET_PAUSE_NEXT_LAYER ENABLE=0
	SET_PAUSE_AT_LAYER ENABLE=0 LAYER=0
	CANCEL_PRINT_BASE

[gcode_macro PAUSE]
description = Pause the actual running print
rename_existing = PAUSE_BASE
gcode = 
	
	{% set client = printer['gcode_macro _CLIENT_VARIABLE']|default({}) %}
	{% set idle_timeout = client.idle_timeout|default(0) %}
	{% set temp = printer[printer.toolhead.extruder].target if printer.toolhead.extruder != '' else 0 %}
	{% set restore = False if printer.toolhead.extruder == ''
	else True  if params.RESTORE|default(1)|int == 1 else False %}
	
	SET_GCODE_VARIABLE MACRO=RESUME VARIABLE=last_extruder_temp VALUE="{{'restore': restore, 'temp': temp}}"
	
	{% if idle_timeout > 0 %}
	SET_GCODE_VARIABLE MACRO=RESUME VARIABLE=restore_idle_timeout VALUE={printer.configfile.settings.idle_timeout.timeout}
	SET_IDLE_TIMEOUT TIMEOUT={idle_timeout}
	{% endif %}
	PAUSE_BASE
	{client.user_pause_macro|default("")}
	_TOOLHEAD_PARK_PAUSE_CANCEL {rawparams}

[gcode_macro RESUME]
description = Resume the actual running print
rename_existing = RESUME_BASE
variable_last_extruder_temp = {'restore': False, 'temp': 0}
variable_restore_idle_timeout = 0
variable_idle_state = False
gcode = 
	
	{% set client = printer['gcode_macro _CLIENT_VARIABLE']|default({}) %}
	{% set velocity = printer.configfile.settings.pause_resume.recover_velocity %}
	{% set sp_move = client.speed_move|default(velocity) %}
	{% set runout_resume = True if client.runout_sensor|default("") == ""
	else True if not printer[client.runout_sensor].enabled
	else printer[client.runout_sensor].filament_detected %}
	{% set can_extrude = True if printer.toolhead.extruder == ''
	else printer[printer.toolhead.extruder].can_extrude %}
	{% set do_resume = False %}
	{% set prompt_txt = [] %}
	
	
	{% if printer.idle_timeout.state|upper == "IDLE" or idle_state %}
	SET_GCODE_VARIABLE MACRO=RESUME VARIABLE=idle_state VALUE=False
	{% if last_extruder_temp.restore %}
	
	RESPOND TYPE=echo MSG='{"Restoring \"%s\" temperature to %3.1f\u00B0C, this may take some time" % (printer.toolhead.extruder, last_extruder_temp.temp) }'
	M109 S{last_extruder_temp.temp}
	{% set do_resume = True %}
	{% elif can_extrude %}
	{% set do_resume = True %}
	{% else %}
	RESPOND TYPE=error MSG='{"Resume aborted !!! \"%s\" not hot enough, please heat up again and press RESUME" % printer.toolhead.extruder}'
	{% set _d = prompt_txt.append("\"%s\" not hot enough, please heat up again and press RESUME" % printer.toolhead.extruder) %}
	{% endif %}
	
	{% elif can_extrude %}
	{% set do_resume = True %}
	{% else %}
	RESPOND TYPE=error MSG='{"Resume aborted !!! \"%s\" not hot enough, please heat up again and press RESUME" % printer.toolhead.extruder}'
	{% set _d = prompt_txt.append("\"%s\" not hot enough, please heat up again and press RESUME" % printer.toolhead.extruder) %}
	{% endif %}
	{% if runout_resume %}
	{% if do_resume %}
	{% if restore_idle_timeout > 0 %} SET_IDLE_TIMEOUT TIMEOUT={restore_idle_timeout} {% endif %}
	{client.user_resume_macro|default("")}
	_CLIENT_EXTRUDE
	RESUME_BASE VELOCITY={params.VELOCITY|default(sp_move)}
	{% endif %}
	{% else %}
	RESPOND TYPE=error MSG='{"Resume aborted !!! \"%s\" detects no filament, please load filament and press RESUME" % (client.runout_sensor.split(" "))[1]}'
	{% set _d = prompt_txt.append("\"%s\" detects no filament, please load filament and press RESUME" % (client.runout_sensor.split(" "))[1]) %}
	{% endif %}
	
	{% if not (runout_resume and do_resume) %}
	RESPOND TYPE=command MSG="action:prompt_begin RESUME aborted !!!"
	{% for element in prompt_txt %}
	RESPOND TYPE=command MSG='{"action:prompt_text %s" % element}'
	{% endfor %}
	RESPOND TYPE=command MSG="action:prompt_footer_button Ok|RESPOND TYPE=command MSG=action:prompt_end|info"
	RESPOND TYPE=command MSG="action:prompt_show"
	{% endif %}

[gcode_macro SET_PAUSE_NEXT_LAYER]
description = Enable a pause if the next layer is reached
gcode = 
	{% set pause_next_layer = printer['gcode_macro SET_PRINT_STATS_INFO'].pause_next_layer %}
	{% set ENABLE = params.ENABLE|default(1)|int != 0 %}
	{% set MACRO = params.MACRO|default(pause_next_layer.call, True) %}
	SET_GCODE_VARIABLE MACRO=SET_PRINT_STATS_INFO VARIABLE=pause_next_layer VALUE="{{ 'enable': ENABLE, 'call': MACRO }}"

[gcode_macro SET_PAUSE_AT_LAYER]
description = Enable/disable a pause if a given layer number is reached
gcode = 
	{% set pause_at_layer = printer['gcode_macro SET_PRINT_STATS_INFO'].pause_at_layer %}
	{% set ENABLE = params.ENABLE|int != 0 if params.ENABLE is defined
	else params.LAYER is defined %}
	{% set LAYER = params.LAYER|default(pause_at_layer.layer)|int %}
	{% set MACRO = params.MACRO|default(pause_at_layer.call, True) %}
	SET_GCODE_VARIABLE MACRO=SET_PRINT_STATS_INFO VARIABLE=pause_at_layer VALUE="{{ 'enable': ENABLE, 'layer': LAYER, 'call': MACRO }}"

[gcode_macro SET_PRINT_STATS_INFO]
rename_existing = SET_PRINT_STATS_INFO_BASE
description = Overwrite, to get pause_next_layer and pause_at_layer feature
variable_pause_next_layer = { 'enable': False, 'call': "PAUSE" }
variable_pause_at_layer = { 'enable': False, 'layer': 0, 'call': "PAUSE" }
gcode = 
	{% if pause_next_layer.enable %}
	RESPOND TYPE=echo MSG='{"%s, forced by pause_next_layer" % pause_next_layer.call}'
	{pause_next_layer.call}
	SET_PAUSE_NEXT_LAYER ENABLE=0
	{% elif pause_at_layer.enable and params.CURRENT_LAYER is defined and params.CURRENT_LAYER|int == pause_at_layer.layer %}
	RESPOND TYPE=echo MSG='{"%s, forced by pause_at_layer [%d]" % (pause_at_layer.call, pause_at_layer.layer)}'
	{pause_at_layer.call}
	SET_PAUSE_AT_LAYER ENABLE=0
	{% endif %}
	SET_PRINT_STATS_INFO_BASE {rawparams}

[gcode_macro _TOOLHEAD_PARK_PAUSE_CANCEL]
description = Helper: park toolhead used in PAUSE and CANCEL_PRINT
gcode = 
	
	{% set client = printer['gcode_macro _CLIENT_VARIABLE']|default({}) %}
	{% set velocity = printer.configfile.settings.pause_resume.recover_velocity %}
	{% set use_custom     = client.use_custom_pos|default(false)|lower == 'true' %}
	{% set custom_park_x  = client.custom_park_x|default(0.0) %}
	{% set custom_park_y  = client.custom_park_y|default(0.0) %}
	{% set park_dz        = client.custom_park_dz|default(2.0)|abs %}
	{% set sp_hop         = client.speed_hop|default(15) * 60 %}
	{% set sp_move        = client.speed_move|default(velocity) * 60 %}
	
	{% set origin    = printer.gcode_move.homing_origin %}
	{% set act       = printer.gcode_move.gcode_position %}
	{% set max       = printer.toolhead.axis_maximum %}
	{% set cone      = printer.toolhead.cone_start_z|default(max.z) %}
	{% set round_bed = True if printer.configfile.settings.printer.kinematics is in ['delta','polar','rotary_delta','winch']
	else False %}
	
	{% set z_min = params.Z_MIN|default(0)|float %}
	{% set z_park = [[(act.z + park_dz), z_min]|max, (max.z - origin.z)]|min %}
	{% set x_park = params.X       if params.X is defined
	else custom_park_x  if use_custom
	else 0.0            if round_bed
	else (max.x - 5.0) %}
	{% set y_park = params.Y       if params.Y is defined
	else custom_park_y  if use_custom
	else (max.y - 5.0)  if round_bed and z_park < cone
	else 0.0            if round_bed
	else (max.y - 5.0) %}
	
	_CLIENT_RETRACT
	{% if "xyz" in printer.toolhead.homed_axes %}
	G90
	G1 Z{z_park} F{sp_hop}
	G1 X{x_park} Y{y_park} F{sp_move}
	{% if not printer.gcode_move.absolute_coordinates %} G91 {% endif %}
	{% else %}
	RESPOND TYPE=echo MSG='Printer not homed'
	{% endif %}

[gcode_macro _CLIENT_EXTRUDE]
description = Extrudes, if the extruder is hot enough
gcode = 
	
	{% set client = printer['gcode_macro _CLIENT_VARIABLE']|default({}) %}
	{% set use_fw_retract = (client.use_fw_retract|default(false)|lower == 'true') and (printer.firmware_retraction is defined) %}
	{% set length = params.LENGTH|default(client.unretract)|default(1.0)|float %}
	{% set speed = params.SPEED|default(client.speed_unretract)|default(35) %}
	{% set absolute_extrude = printer.gcode_move.absolute_extrude %}
	
	{% if printer.toolhead.extruder != '' %}
	{% if printer[printer.toolhead.extruder].can_extrude %}
	{% if use_fw_retract %}
	{% if length < 0 %}
	G10
	{% else %}
	G11
	{% endif %}
	{% else %}
	M83
	G1 E{length} F{(speed|float|abs) * 60}
	{% if absolute_extrude %}
	M82
	{% endif %}
	{% endif %}
	{% else %}
	RESPOND TYPE=echo MSG='{"\"%s\" not hot enough" % printer.toolhead.extruder}'
	{% endif %}
	{% endif %}

[gcode_macro _CLIENT_RETRACT]
description = Retracts, if the extruder is hot enough
gcode = 
	{% set client = printer['gcode_macro _CLIENT_VARIABLE']|default({}) %}
	{% set length = params.LENGTH|default(client.retract)|default(1.0)|float %}
	{% set speed = params.SPEED|default(client.speed_retract)|default(35) %}
	
	_CLIENT_EXTRUDE LENGTH=-{length|float|abs} SPEED={speed|float|abs}

[gcode_macro BED_MESH_CALIBRATE]
rename_existing = _BED_MESH_CALIBRATE
gcode = 
	
	{% set all_points = printer.exclude_object.objects | map(attribute='polygon') | sum(start=[]) %}
	{% set bed_mesh_min = printer.configfile.settings.bed_mesh.mesh_min %}
	{% set bed_mesh_max = printer.configfile.settings.bed_mesh.mesh_max %}
	{% set probe_count = printer.configfile.settings.bed_mesh.probe_count %}
	{% set kamp_settings = printer["gcode_macro _KAMP_Settings"] %}
	{% set verbose_enable = kamp_settings.verbose_enable | abs %}
	{% set probe_dock_enable = kamp_settings.probe_dock_enable | abs %}
	{% set attach_macro = kamp_settings.attach_macro | string %}
	{% set detach_macro = kamp_settings.detach_macro | string %}
	{% set mesh_margin = kamp_settings.mesh_margin | float %}
	{% set fuzz_amount = kamp_settings.fuzz_amount | float %}
	{% set probe_count = probe_count if probe_count|length > 1 else probe_count * 2  %}
	{% set max_probe_point_distance_x = ( bed_mesh_max[0] - bed_mesh_min[0] ) / (probe_count[0] - 1)  %}
	{% set max_probe_point_distance_y = ( bed_mesh_max[1] - bed_mesh_min[1] ) / (probe_count[1] - 1)  %}
	{% set x_min = all_points | map(attribute=0) | min | default(bed_mesh_min[0]) %}
	{% set y_min = all_points | map(attribute=1) | min | default(bed_mesh_min[1]) %}
	{% set x_max = all_points | map(attribute=0) | max | default(bed_mesh_max[0]) %}
	{% set y_max = all_points | map(attribute=1) | max | default(bed_mesh_max[1]) %}
	
	{% set fuzz_range = range((0) | int, (fuzz_amount * 100) | int + 1) %}
	{% set adapted_x_min = x_min - mesh_margin - (fuzz_range | random / 100.0) %}
	{% set adapted_y_min = y_min - mesh_margin - (fuzz_range | random / 100.0) %}
	{% set adapted_x_max = x_max + mesh_margin + (fuzz_range | random / 100.0) %}
	{% set adapted_y_max = y_max + mesh_margin + (fuzz_range | random / 100.0) %}
	
	{% set adapted_x_min = [adapted_x_min , bed_mesh_min[0]] | max %}
	{% set adapted_y_min = [adapted_y_min , bed_mesh_min[1]] | max %}
	{% set adapted_x_max = [adapted_x_max , bed_mesh_max[0]] | min %}
	{% set adapted_y_max = [adapted_y_max , bed_mesh_max[1]] | min %}
	
	{% set points_x = (((adapted_x_max - adapted_x_min) / max_probe_point_distance_x) | round(method='ceil') | int) + 1 %}
	{% set points_y = (((adapted_y_max - adapted_y_min) / max_probe_point_distance_y) | round(method='ceil') | int) + 1 %}
	
	{% if (([points_x, points_y]|max) > 6) %}
	{% set algorithm = "bicubic" %}
	{% set min_points = 4 %}
	{% else %}
	{% set algorithm = "lagrange" %}
	{% set min_points = 3 %}
	{% endif %}
	
	{% set points_x = [points_x , min_points]|max %}
	{% set points_y = [points_y , min_points]|max %}
	{% set points_x = [points_x , probe_count[0]]|min %}
	{% set points_y = [points_y , probe_count[1]]|min %}
	
	{% if verbose_enable == True %}
	{% if printer.exclude_object.objects != [] %}
	
	{ action_respond_info( "Algorithm: {}.".format(
	(algorithm),
	)) }
	
	{ action_respond_info("Default probe count: {},{}.".format(
	(probe_count[0]),
	(probe_count[1]),
	)) }
	
	{ action_respond_info("Adapted probe count: {},{}.".format(
	(points_x),
	(points_y),
	)) }
	
	{action_respond_info("Default mesh bounds: {}, {}.".format(
	(bed_mesh_min[0],bed_mesh_min[1]),
	(bed_mesh_max[0],bed_mesh_max[1]),
	)) }
	
	{% if mesh_margin > 0 %}
	{action_respond_info("Mesh margin is {}, mesh bounds extended by {}mm.".format(
	(mesh_margin),
	(mesh_margin),
	)) }
	{% else %}
	{action_respond_info("Mesh margin is 0, margin not increased.")}
	{% endif %}
	
	{% if fuzz_amount > 0 %}
	{action_respond_info("Mesh point fuzzing enabled, points fuzzed up to {}mm.".format(
	(fuzz_amount),
	)) }
	{% else %}
	{action_respond_info("Fuzz amount is 0, mesh points not fuzzed.")}
	{% endif %}
	
	{ action_respond_info("Adapted mesh bounds: {}, {}.".format(
	(adapted_x_min, adapted_y_min),
	(adapted_x_max, adapted_y_max),
	)) }
	
	{action_respond_info("KAMP adjustments successful. Happy KAMPing!")}
	
	{% else %}
	
	{action_respond_info("No objects detected! Check your gcode and make sure that EXCLUDE_OBJECT_DEFINE is happening before BED_MESH_CALIBRATE is called. Defaulting to regular meshing.")}
	G4 P5000
	{% endif %}
	
	{% endif %}
	
	{% if probe_dock_enable == True %}
	{attach_macro}
	{% endif %}
	
	_BED_MESH_CALIBRATE mesh_min={adapted_x_min},{adapted_y_min} mesh_max={adapted_x_max},{adapted_y_max} ALGORITHM={algorithm} PROBE_COUNT={points_x},{points_y}
	
	{% if probe_dock_enable == True %}
	{detach_macro}
	{% endif %}

[gcode_macro LINE_PURGE]
description = A purge macro that adapts to be near your actual printed objects
gcode = 
	
	{% set travel_speed = (printer.toolhead.max_velocity) * 60 | float %}
	{% set cross_section = printer.configfile.settings.extruder.max_extrude_cross_section | float %}
	
	
	{% if printer.firmware_retraction is defined %}
	{% set RETRACT = G10 | string %}
	{% set UNRETRACT = G11 | string %}
	{% else %}
	{% set RETRACT = 'G1 E-.5 F2100' | string %}
	{% set UNRETRACT = 'G1 E.5 F2100' | string %}
	{% endif %}
	
	
	{% set verbose_enable = printer["gcode_macro _KAMP_Settings"].verbose_enable | abs %}
	{% set purge_height = printer["gcode_macro _KAMP_Settings"].purge_height | float %}
	{% set tip_distance = printer["gcode_macro _KAMP_Settings"].tip_distance | float %}
	{% set purge_margin = printer["gcode_macro _KAMP_Settings"].purge_margin | float %}
	{% set purge_amount = printer["gcode_macro _KAMP_Settings"].purge_amount | float %}
	{% set flow_rate = printer["gcode_macro _KAMP_Settings"].flow_rate | float %}
	
	
	
	{% set all_points = printer.exclude_object.objects | map(attribute='polygon') | sum(start=[]) %}
	{% set purge_x_min = (all_points | map(attribute=0) | min | default(0)) %}
	{% set purge_x_max = (all_points | map(attribute=0) | max | default(0)) %}
	{% set purge_y_min = (all_points | map(attribute=1) | min | default(0)) %}
	{% set purge_y_max = (all_points | map(attribute=1) | max | default(0)) %}
	
	{% set purge_x_center = ([((purge_x_max + purge_x_min) / 2) - (purge_amount / 2), 0] | max) %}
	{% set purge_y_center = ([((purge_y_max + purge_y_min) / 2) - (purge_amount / 2), 0] | max) %}
	
	{% set purge_x_origin = ([purge_x_min - purge_margin, 0] | max) %}
	{% set purge_y_origin = ([purge_y_min - purge_margin, 0] | max) %}
	
	
	{% set purge_move_speed = (flow_rate / 5.0) * 60 | float %}
	
	{% if cross_section < 5 %}
	
	{action_respond_info("[Extruder] max_extrude_cross_section is insufficient for purge, please set it to 5 or greater. Purge skipped.")}
	
	{% else %}
	
	{% if verbose_enable == True %}
	
	{action_respond_info("Moving filament tip {}mms".format(
	(tip_distance),
	)) }
	{% endif %}
	
	{% if printer.firmware_retraction is defined %}
	{action_respond_info("KAMP purge is using firmware retraction.")}
	{% else %}
	{action_respond_info("KAMP purge is not using firmware retraction, it is recommended to configure it.")}
	{% endif %}
	
	{% if purge_y_origin > 0 %}
	
	{action_respond_info("KAMP purge starting at {}, {} and purging {}mm of filament, requested flow rate is {}mm3/s.".format(
	(purge_x_center),
	(purge_y_origin),
	(purge_amount),
	(flow_rate),
	)) }
	
	{% else %}
	
	{action_respond_info("KAMP purge starting at {}, {} and purging {}mm of filament, requested flow rate is {}mm3/s.".format(
	(purge_x_origin),
	(purge_y_center),
	(purge_amount),
	(flow_rate),
	)) }
	
	{% endif %}
	
	SAVE_GCODE_STATE NAME=Prepurge_State
	
	{% if purge_y_origin > 0 %}
	
	G92 E0
	G0 F{travel_speed}
	G90
	G0 X{purge_x_center} Y{purge_y_origin}
	G0 Z{purge_height}
	M83
	G1 E{tip_distance} F{purge_move_speed}
	G1 X{purge_x_center + purge_amount} E{purge_amount} F{purge_move_speed}
	{RETRACT}
	G0 X{purge_x_center + purge_amount + 10} F{travel_speed}
	G92 E0
	M82
	G0 Z{purge_height * 2} F{travel_speed}
	
	{% else %}
	
	G92 E0
	G0 F{travel_speed}
	G90
	G0 X{purge_x_origin} Y{purge_y_center}
	G0 Z{purge_height}
	M83
	G1 E{tip_distance} F{purge_move_speed}
	G1 Y{purge_y_center + purge_amount} E{purge_amount} F{purge_move_speed}
	{RETRACT}
	G0 Y{purge_y_center + purge_amount + 10} F{travel_speed}
	G92 E0
	M82
	G0 Z{purge_height * 2} F{travel_speed}
	
	{% endif %}
	
	RESTORE_GCODE_STATE NAME=Prepurge_State
	
	{% endif %}

[gcode_macro SMART_PARK]
description = Parks your printhead near the print area for pre-print hotend heating.
gcode = 
	
	{% set kamp_settings = printer["gcode_macro _KAMP_Settings"] %}
	{% set z_height = kamp_settings.smart_park_height | float %}
	{% set purge_margin = kamp_settings.purge_margin | float %}
	{% set verbose_enable = kamp_settings.verbose_enable | abs %}
	{% set center_x = printer.toolhead.axis_maximum.x / 2 | float %}
	{% set center_y = printer.toolhead.axis_maximum.y / 2 | float %}
	{% set axis_minimum_x = printer.toolhead.axis_minimum.x | float %}
	{% set axis_minimum_y = printer.toolhead.axis_minimum.y | float %}
	{% set all_points = printer.exclude_object.objects | map(attribute='polygon') | sum(start=[]) %}
	{% set x_min = all_points | map(attribute=0) | min | default(center_x) %}
	{% set y_min = all_points | map(attribute=1) | min | default(center_y) %}
	{% set travel_speed = (printer.toolhead.max_velocity) * 60 | float %}
	
	{% if purge_margin > 0 and x_min != center_x and y_min != center_y %}
	{% set x_min = [ x_min - purge_margin , x_min ] | min %}
	{% set y_min = [ y_min - purge_margin , y_min ] | min %}
	{% set x_min = [ x_min , axis_minimum_x ] | max %}
	{% set y_min = [ y_min , axis_minimum_y ] | max %}
	{% endif %}
	
	
	{% if verbose_enable == True %}
	
	{ action_respond_info("Smart Park location: {},{}.".format(
	(x_min),
	(y_min),
	)) }
	
	{% endif %}
	
	SAVE_GCODE_STATE NAME=Presmartpark_State
	
	G90
	{% if printer.toolhead.position.z < z_height %}
	G0 Z{z_height}
	{% endif %}
	G0 X{x_min} Y{y_min} F{travel_speed}
	G0 Z{z_height}
	
	RESTORE_GCODE_STATE NAME=Presmartpark_State

[gcode_macro _KAMP_Settings]
description = This macro contains all adjustable settings for KAMP
variable_verbose_enable = True
variable_mesh_margin = 0
variable_fuzz_amount = 0
variable_probe_dock_enable = False
variable_attach_macro = 'Attach_Probe'
variable_detach_macro = 'Dock_Probe'
variable_purge_height = 0.8
variable_tip_distance = 0
variable_purge_margin = 10
variable_purge_amount = 30
variable_flow_rate = 12
variable_smart_park_height = 10
gcode = 
	
	{action_respond_info(" Running the KAMP_Settings macro does nothing, it is only used for storing KAMP settings. ")}

[gcode_macro TEST_SPEED]
description = Test for max speed and acceleration parameters for the printer. Procedure: Home -> ReadPositionFromMCU -> MovesToolhead@Vel&Accel -> Home -> ReadPositionfromMCU
gcode = 
	
	{% set speed  = params.SPEED|default(printer.configfile.settings.printer.max_velocity)|int %}
	
	{% set iterations = params.ITERATIONS|default(5)|int %}
	
	{% set accel  = params.ACCEL|default(printer.configfile.settings.printer.max_accel)|int %}
	
	{% set min_cruise_ratio = params.MIN_CRUISE_RATIO|default(0.5)|float %}
	
	{% set bound = params.BOUND|default(20)|int %}
	
	{% set smallpatternsize = SMALLPATTERNSIZE|default(20)|int %}
	
	
	
	{% set x_min = printer.toolhead.axis_minimum.x + bound %}
	{% set x_max = printer.toolhead.axis_maximum.x - bound %}
	{% set y_min = printer.toolhead.axis_minimum.y + bound %}
	{% set y_max = printer.toolhead.axis_maximum.y - bound %}
	
	
	
	{% set x_center = (printer.toolhead.axis_minimum.x|float + printer.toolhead.axis_maximum.x|float ) / 2 %}
	{% set y_center = (printer.toolhead.axis_minimum.y|float + printer.toolhead.axis_maximum.y|float ) / 2 %}
	
	
	{% set x_center_min = x_center - (smallpatternsize/2) %}
	{% set x_center_max = x_center + (smallpatternsize/2) %}
	{% set y_center_min = y_center - (smallpatternsize/2) %}
	{% set y_center_max = y_center + (smallpatternsize/2) %}
	
	
	SAVE_GCODE_STATE NAME=TEST_SPEED
	
	
	{ action_respond_info("TEST_SPEED: starting %d iterations at speed %d, accel %d" % (iterations, speed, accel)) }
	
	
	M400
	G28
	
	{% if printer.configfile.settings.quad_gantry_level %}
	{% if printer.quad_gantry_level.applied == False %}
	QUAD_GANTRY_LEVEL
	G28 Z
	{% endif %}
	{% endif %}
	
	G90
	G1 X{printer.toolhead.axis_maximum.x-50} Y{printer.toolhead.axis_maximum.y-50} F{30*60}
	M400
	G28 X Y
	G0 X{printer.toolhead.axis_maximum.x-1} Y{printer.toolhead.axis_maximum.y-1} F{30*60}
	G4 P1000
	GET_POSITION
	
	
	G0 X{x_min} Y{y_min} Z{bound + 10} F{speed*60}
	
	
	{% if printer.configfile.settings.printer.minimum_cruise_ratio is defined %}
	SET_VELOCITY_LIMIT VELOCITY={speed} ACCEL={accel} MINIMUM_CRUISE_RATIO={min_cruise_ratio}
	{% else %}
	SET_VELOCITY_LIMIT VELOCITY={speed} ACCEL={accel} ACCEL_TO_DECEL={accel / 2}
	{% endif %}
	
	{% for i in range(iterations) %}
	
	G0 X{x_min} Y{y_min} F{speed*60}
	G0 X{x_max} Y{y_max} F{speed*60}
	G0 X{x_min} Y{y_min} F{speed*60}
	G0 X{x_max} Y{y_min} F{speed*60}
	G0 X{x_min} Y{y_max} F{speed*60}
	G0 X{x_max} Y{y_min} F{speed*60}
	
	
	G0 X{x_min} Y{y_min} F{speed*60}
	G0 X{x_min} Y{y_max} F{speed*60}
	G0 X{x_max} Y{y_max} F{speed*60}
	G0 X{x_max} Y{y_min} F{speed*60}
	
	
	G0 X{x_center_min} Y{y_center_min} F{speed*60}
	G0 X{x_center_max} Y{y_center_max} F{speed*60}
	G0 X{x_center_min} Y{y_center_min} F{speed*60}
	G0 X{x_center_max} Y{y_center_min} F{speed*60}
	G0 X{x_center_min} Y{y_center_max} F{speed*60}
	G0 X{x_center_max} Y{y_center_min} F{speed*60}
	
	
	G0 X{x_center_min} Y{y_center_min} F{speed*60}
	G0 X{x_center_min} Y{y_center_max} F{speed*60}
	G0 X{x_center_max} Y{y_center_max} F{speed*60}
	G0 X{x_center_max} Y{y_center_min} F{speed*60}
	{% endfor %}
	
	
	{% if printer.configfile.settings.printer.minimum_cruise_ratio is defined %}
	SET_VELOCITY_LIMIT VELOCITY={printer.configfile.settings.printer.max_velocity} ACCEL={printer.configfile.settings.printer.max_accel} MINIMUM_CRUISE_RATIO={printer.configfile.settings.printer.minimum_cruise_ratio}
	{% else %}
	SET_VELOCITY_LIMIT VELOCITY={printer.configfile.settings.printer.max_velocity} ACCEL={printer.configfile.settings.printer.max_accel} ACCEL_TO_DECEL={printer.configfile.settings.printer.max_accel_to_decel}
	{% endif %}
	
	
	M400
	G28
	
	G90
	G0 X{printer.toolhead.axis_maximum.x-1} Y{printer.toolhead.axis_maximum.y-1} F{30*60}
	G4 P1000
	GET_POSITION
	
	
	RESTORE_GCODE_STATE NAME=TEST_SPEED

[gcode_macro START_PRINT]
gcode = 
	BED_MESH_PROFILE LOAD=default

[exclude_object]

[gcode_shell_command hello_world]
command = echo hello world
timeout = 2.
verbose = True

[gcode_macro HELLO_WORLD]
gcode = 
	RUN_SHELL_COMMAND CMD=hello_world

[stepper_x]
step_pin = PC2
dir_pin = PB9
enable_pin = !PC3
microsteps = 16
rotation_distance = 39.87
endstop_pin = ^PA5
position_endstop = 0
position_max = 233
homing_speed = 120

[stepper_y]
step_pin = PB8
dir_pin = PB7
enable_pin = !PC3
microsteps = 16
rotation_distance = 39.89
endstop_pin = ^PA6
position_endstop = 0
position_max = 220
homing_speed = 120

[stepper_z]
step_pin = PB6
dir_pin = !PB5
enable_pin = !PC3
microsteps = 16
rotation_distance = 8
endstop_pin = probe:z_virtual_endstop
position_max = 235
position_min = -3
homing_speed = 42
second_homing_speed = 1
homing_retract_dist = 2.0

[extruder]
max_extrude_only_distance = 1000.0
pressure_advance = 0.025
pressure_advance_smooth_time = 0.03
step_pin = PB4
dir_pin = PB3
enable_pin = !PC3
microsteps = 16
gear_ratio = 42:12
rotation_distance = 26.359
nozzle_diameter = 0.400
filament_diameter = 1.750
heater_pin = PA1
sensor_type = EPCOS 100K B57560G104F
sensor_pin = PC5
min_extrude_temp = 170
min_temp = 0
max_temp = 300
max_extrude_cross_section = 5
control = pid
pid_kp = 23.561
pid_ki = 1.208
pid_kd = 114.859

[heater_bed]
heater_pin = PA2
sensor_type = EPCOS 100K B57560G104F
sensor_pin = PC4
control = pid
pid_kp = 54.027
pid_ki = 0.770
pid_kd = 948.182
min_temp = 0
max_temp = 130

[fan]
pin = PA0

[mcu]
serial = /dev/serial/by-id/usb-1a86_USB_Serial-if00-port0
restart_method = command

[printer]
kinematics = cartesian
max_velocity = 800
max_accel = 6000
max_z_velocity = 20
max_z_accel = 200

[bltouch]
sensor_pin = ^PB1
control_pin = PB0
x_offset = -41
y_offset = -4
speed = 20
samples = 1
sample_retract_dist = 8.0
stow_on_each_sample = false
z_offset = 1.680

[safe_z_home]
home_xy_position = 117.5,117.5
speed = 200
z_hop = 10
z_hop_speed = 40

[bed_mesh]
speed = 190
mesh_min = 20,20
mesh_max = 185,185
probe_count = 15,15
fade_start = 1
fade_end = 10
fade_target = 0
algorithm = bicubic

[bed_screws]
screw1 = 27, 31
screw2 = 195, 31
screw3 = 27, 201
screw4 = 195, 201

[firmware_retraction]
retract_length = 0
retract_speed = 20
unretract_extra_length = 0
unretract_speed = 10

[input_shaper]
shaper_freq_x = 45.8
shaper_freq_y = 57.5
shaper_type = mzv

[gcode_macro G29]
gcode = 
	G28 X0 Y0
	G28 Z0
	G0 Z5 F1200
	BED_MESH_CALIBRATE
	BED_MESH_PROFILE SAVE=Mesh1
	G28

[gcode_macro M600]
gcode = 
	{% set X = 50 %}
	{% set Y = 0 %}
	{% set Z = 10 %}
	SAVE_GCODE_STATE NAME=M600_state
	PAUSE
	G91
	G1 E-.8 F2700
	G1 Z{Z}
	G90
	G1 X{X} Y{Y} F3000
	G91
	G1 E-50 F1000
	RESTORE_GCODE_STATE NAME=M600_state

[gcode_macro M92]
gcode = 
	M221

[gcode_macro WLED_ON]
description = Turn WLED strip on using optional preset and resets led colors
gcode = 
	{% set strip = params.STRIP|default("printerled")|string %}
	{% set preset = params.PRESET|default(4)|int %}
	
	{action_call_remote_method("set_wled_state",
	strip=strip,
	state=True,
	preset=preset)}

[gcode_macro led_heating]
gcode = 
	WLED_ON STRIP=printerled PRESET=2

[gcode_macro led_printing]
gcode = 
	WLED_ON STRIP=printerled PRESET=1

[gcode_macro led_complete]
gcode = 
	WLED_ON STRIP=printerled PRESET=4

[gcode_macro led_mesh]
gcode = 
	WLED_ON STRIP=printerled PRESET=3

[gcode_macro led_pause]
gcode = 
	WLED_ON STRIP=printerled PRESET=1

[gcode_macro led_cancel]
gcode = 
	WLED_ON STRIP=printerled PRESET=5

[gcode_macro led_off]
gcode = 
	WLED_ON STRIP=printerled PRESET=6

[gcode_macro POWER_OFF_PRINTER]
gcode = 
	{action_call_remote_method(
	"set_device_power", device="Power", state="off"
	)}

[idle_timeout]
gcode = 
	TURN_OFF_HEATERS
	G28 X0 Y0
	G0 F6000
	G0 X10 Y150
	M84
	led_off
	POWER_OFF_PRINTER
	M118 Going to sleep.
timeout = 900

[bed_mesh default]
version = 1
points = 
	0.075000, 0.095000, 0.105000, 0.120000, 0.082500, 0.077500, 0.075000, 0.047500, 0.075000, 0.062500, 0.065000, 0.060000, 0.030000, 0.042500, 0.025000
	0.047500, 0.045000, 0.052500, 0.080000, 0.057500, 0.067500, 0.015000, 0.027500, 0.025000, 0.042500, 0.060000, 0.050000, 0.017500, 0.007500, 0.022500
	0.047500, 0.052500, 0.047500, 0.062500, 0.045000, 0.045000, 0.015000, 0.022500, 0.035000, 0.030000, 0.040000, 0.025000, -0.005000, 0.025000, 0.005000
	0.010000, 0.010000, 0.015000, 0.022500, 0.025000, 0.007500, 0.010000, -0.030000, -0.010000, 0.012500, 0.010000, 0.025000, -0.015000, -0.010000, 0.012500
	0.025000, 0.030000, 0.020000, 0.047500, 0.027500, 0.025000, -0.015000, 0.010000, 0.007500, 0.005000, 0.017500, 0.000000, 0.020000, -0.002500, -0.012500
	0.025000, 0.002500, -0.007500, 0.020000, 0.017500, 0.002500, -0.010000, -0.040000, -0.040000, -0.045000, 0.012500, -0.025000, -0.047500, -0.050000, -0.012500
	0.022500, 0.047500, 0.027500, 0.040000, 0.032500, 0.025000, -0.010000, 0.000000, 0.000000, 0.010000, 0.002500, -0.005000, -0.035000, -0.067500, -0.057500
	0.027500, 0.025000, 0.037500, 0.032500, 0.010000, 0.007500, -0.007500, -0.027500, -0.025000, -0.020000, 0.012500, -0.027500, -0.045000, -0.060000, -0.022500
	0.027500, 0.057500, 0.042500, 0.052500, 0.052500, 0.010000, 0.005000, 0.005000, 0.007500, 0.012500, 0.027500, 0.010000, -0.022500, -0.030000, -0.012500
	0.032500, 0.037500, 0.035000, 0.017500, 0.035000, 0.025000, 0.005000, -0.002500, -0.027500, 0.017500, -0.010000, -0.010000, -0.017500, -0.045000, -0.012500
	0.027500, 0.047500, 0.045000, 0.040000, 0.037500, 0.050000, 0.017500, 0.010000, 0.020000, 0.035000, 0.027500, 0.025000, 0.000000, 0.002500, -0.030000
	0.037500, 0.070000, 0.057500, 0.060000, 0.037500, 0.035000, -0.022500, 0.015000, 0.000000, 0.027500, 0.042500, 0.005000, -0.032500, 0.005000, 0.000000
	0.067500, 0.090000, 0.077500, 0.107500, 0.065000, 0.067500, 0.057500, 0.037500, 0.047500, 0.045000, 0.055000, 0.027500, -0.012500, -0.010000, -0.057500
	0.130000, 0.090000, 0.085000, 0.090000, 0.092500, 0.072500, 0.045000, 0.042500, 0.017500, 0.067500, 0.047500, 0.052500, 0.020000, 0.012500, 0.037500
	0.147500, 0.132500, 0.147500, 0.132500, 0.125000, 0.110000, 0.090000, 0.082500, 0.087500, 0.110000, 0.080000, 0.105000, 0.067500, 0.035000, 0.042500
x_count = 15
y_count = 15
mesh_x_pps = 2
mesh_y_pps = 2
algo = bicubic
tension = 0.2
min_x = 20.0
max_x = 184.92
min_y = 20.0
max_y = 184.92
=======================
Extruder max_extrude_ratio=2.078758
mcu 'mcu': Starting serial connect
webhooks client 140401883357632: New connection
webhooks client 140401883357632: Client info {'program': 'Moonraker', 'version': 'v0.9.3-58-ga0164e1'}
Loaded MCU 'mcu' 106 commands (v0.12.0-85-gd785b396a / gcc: (15:8-2019-q3-1+b1) 8.3.1 20190703 (release) [gcc-8-branch revision 273027] binutils: (2.35.2-2+14+b2) 2.35.2)
MCU 'mcu' config: ADC_MAX=4095 BUS_PINS_i2c1=PB6,PB7 BUS_PINS_i2c1a=PB8,PB9 BUS_PINS_i2c2=PB10,PB11 BUS_PINS_spi1=PA6,PA7,PA5 BUS_PINS_spi1a=PB4,PB5,PB3 BUS_PINS_spi2=PB14,PB15,PB13 BUS_PINS_spi3=PB4,PB5,PB3 CLOCK_FREQ=72000000 MCU=stm32f103xe PWM_MAX=255 RECEIVE_WINDOW=192 RESERVE_PINS_serial=PA10,PA9 SERIAL_BAUD=250000 STATS_SUMSQ_BASE=256 STEPPER_BOTH_EDGE=1
Sending MCU 'mcu' printer configuration...
Configured MCU 'mcu' (1024 moves)
Starting heater checks for heater_bed
Failed to verify BLTouch probe is raised; retrying.
bed_mesh: generated points
Index |  Tool Adjusted  |   Probe
  0   | (61.0, 24.0)    | (20.0, 20.0)
  1   | (72.8, 24.0)    | (31.8, 20.0)
  2   | (84.6, 24.0)    | (43.6, 20.0)
  3   | (96.3, 24.0)    | (55.3, 20.0)
  4   | (108.1, 24.0)   | (67.1, 20.0)
  5   | (119.9, 24.0)   | (78.9, 20.0)
  6   | (131.7, 24.0)   | (90.7, 20.0)
  7   | (143.5, 24.0)   | (102.5, 20.0)
  8   | (155.2, 24.0)   | (114.2, 20.0)
  9   | (167.0, 24.0)   | (126.0, 20.0)
  10  | (178.8, 24.0)   | (137.8, 20.0)
  11  | (190.6, 24.0)   | (149.6, 20.0)
  12  | (202.4, 24.0)   | (161.4, 20.0)
  13  | (214.1, 24.0)   | (173.1, 20.0)
  14  | (225.9, 24.0)   | (184.9, 20.0)
  15  | (225.9, 35.8)   | (184.9, 31.8)
  16  | (214.1, 35.8)   | (173.1, 31.8)
  17  | (202.4, 35.8)   | (161.4, 31.8)
  18  | (190.6, 35.8)   | (149.6, 31.8)
  19  | (178.8, 35.8)   | (137.8, 31.8)
  20  | (167.0, 35.8)   | (126.0, 31.8)
  21  | (155.2, 35.8)   | (114.2, 31.8)
  22  | (143.5, 35.8)   | (102.5, 31.8)
  23  | (131.7, 35.8)   | (90.7, 31.8)
  24  | (119.9, 35.8)   | (78.9, 31.8)
  25  | (108.1, 35.8)   | (67.1, 31.8)
  26  | (96.3, 35.8)    | (55.3, 31.8)
  27  | (84.6, 35.8)    | (43.6, 31.8)
  28  | (72.8, 35.8)    | (31.8, 31.8)
  29  | (61.0, 35.8)    | (20.0, 31.8)
  30  | (61.0, 47.6)    | (20.0, 43.6)
  31  | (72.8, 47.6)    | (31.8, 43.6)
  32  | (84.6, 47.6)    | (43.6, 43.6)
  33  | (96.3, 47.6)    | (55.3, 43.6)
  34  | (108.1, 47.6)   | (67.1, 43.6)
  35  | (119.9, 47.6)   | (78.9, 43.6)
  36  | (131.7, 47.6)   | (90.7, 43.6)
  37  | (143.5, 47.6)   | (102.5, 43.6)
  38  | (155.2, 47.6)   | (114.2, 43.6)
  39  | (167.0, 47.6)   | (126.0, 43.6)
  40  | (178.8, 47.6)   | (137.8, 43.6)
  41  | (190.6, 47.6)   | (149.6, 43.6)
  42  | (202.4, 47.6)   | (161.4, 43.6)
  43  | (214.1, 47.6)   | (173.1, 43.6)
  44  | (225.9, 47.6)   | (184.9, 43.6)
  45  | (225.9, 59.3)   | (184.9, 55.3)
  46  | (214.1, 59.3)   | (173.1, 55.3)
  47  | (202.4, 59.3)   | (161.4, 55.3)
  48  | (190.6, 59.3)   | (149.6, 55.3)
  49  | (178.8, 59.3)   | (137.8, 55.3)
  50  | (167.0, 59.3)   | (126.0, 55.3)
  51  | (155.2, 59.3)   | (114.2, 55.3)
  52  | (143.5, 59.3)   | (102.5, 55.3)
  53  | (131.7, 59.3)   | (90.7, 55.3)
  54  | (119.9, 59.3)   | (78.9, 55.3)
  55  | (108.1, 59.3)   | (67.1, 55.3)
  56  | (96.3, 59.3)    | (55.3, 55.3)
  57  | (84.6, 59.3)    | (43.6, 55.3)
  58  | (72.8, 59.3)    | (31.8, 55.3)
  59  | (61.0, 59.3)    | (20.0, 55.3)
  60  | (61.0, 71.1)    | (20.0, 67.1)
  61  | (72.8, 71.1)    | (31.8, 67.1)
  62  | (84.6, 71.1)    | (43.6, 67.1)
  63  | (96.3, 71.1)    | (55.3, 67.1)
  64  | (108.1, 71.1)   | (67.1, 67.1)
  65  | (119.9, 71.1)   | (78.9, 67.1)
  66  | (131.7, 71.1)   | (90.7, 67.1)
  67  | (143.5, 71.1)   | (102.5, 67.1)
  68  | (155.2, 71.1)   | (114.2, 67.1)
  69  | (167.0, 71.1)   | (126.0, 67.1)
  70  | (178.8, 71.1)   | (137.8, 67.1)
  71  | (190.6, 71.1)   | (149.6, 67.1)
  72  | (202.4, 71.1)   | (161.4, 67.1)
  73  | (214.1, 71.1)   | (173.1, 67.1)
  74  | (225.9, 71.1)   | (184.9, 67.1)
  75  | (225.9, 82.9)   | (184.9, 78.9)
  76  | (214.1, 82.9)   | (173.1, 78.9)
  77  | (202.4, 82.9)   | (161.4, 78.9)
  78  | (190.6, 82.9)   | (149.6, 78.9)
  79  | (178.8, 82.9)   | (137.8, 78.9)
  80  | (167.0, 82.9)   | (126.0, 78.9)
  81  | (155.2, 82.9)   | (114.2, 78.9)
  82  | (143.5, 82.9)   | (102.5, 78.9)
  83  | (131.7, 82.9)   | (90.7, 78.9)
  84  | (119.9, 82.9)   | (78.9, 78.9)
  85  | (108.1, 82.9)   | (67.1, 78.9)
  86  | (96.3, 82.9)    | (55.3, 78.9)
  87  | (84.6, 82.9)    | (43.6, 78.9)
  88  | (72.8, 82.9)    | (31.8, 78.9)
  89  | (61.0, 82.9)    | (20.0, 78.9)
  90  | (61.0, 94.7)    | (20.0, 90.7)
  91  | (72.8, 94.7)    | (31.8, 90.7)
  92  | (84.6, 94.7)    | (43.6, 90.7)
  93  | (96.3, 94.7)    | (55.3, 90.7)
  94  | (108.1, 94.7)   | (67.1, 90.7)
  95  | (119.9, 94.7)   | (78.9, 90.7)
  96  | (131.7, 94.7)   | (90.7, 90.7)
  97  | (143.5, 94.7)   | (102.5, 90.7)
  98  | (155.2, 94.7)   | (114.2, 90.7)
  99  | (167.0, 94.7)   | (126.0, 90.7)
  100 | (178.8, 94.7)   | (137.8, 90.7)
  101 | (190.6, 94.7)   | (149.6, 90.7)
  102 | (202.4, 94.7)   | (161.4, 90.7)
  103 | (214.1, 94.7)   | (173.1, 90.7)
  104 | (225.9, 94.7)   | (184.9, 90.7)
  105 | (225.9, 106.5)  | (184.9, 102.5)
  106 | (214.1, 106.5)  | (173.1, 102.5)
  107 | (202.4, 106.5)  | (161.4, 102.5)
  108 | (190.6, 106.5)  | (149.6, 102.5)
  109 | (178.8, 106.5)  | (137.8, 102.5)
  110 | (167.0, 106.5)  | (126.0, 102.5)
  111 | (155.2, 106.5)  | (114.2, 102.5)
  112 | (143.5, 106.5)  | (102.5, 102.5)
  113 | (131.7, 106.5)  | (90.7, 102.5)
  114 | (119.9, 106.5)  | (78.9, 102.5)
  115 | (108.1, 106.5)  | (67.1, 102.5)
  116 | (96.3, 106.5)   | (55.3, 102.5)
  117 | (84.6, 106.5)   | (43.6, 102.5)
  118 | (72.8, 106.5)   | (31.8, 102.5)
  119 | (61.0, 106.5)   | (20.0, 102.5)
  120 | (61.0, 118.2)   | (20.0, 114.2)
  121 | (72.8, 118.2)   | (31.8, 114.2)
  122 | (84.6, 118.2)   | (43.6, 114.2)
  123 | (96.3, 118.2)   | (55.3, 114.2)
  124 | (108.1, 118.2)  | (67.1, 114.2)
  125 | (119.9, 118.2)  | (78.9, 114.2)
  126 | (131.7, 118.2)  | (90.7, 114.2)
  127 | (143.5, 118.2)  | (102.5, 114.2)
  128 | (155.2, 118.2)  | (114.2, 114.2)
  129 | (167.0, 118.2)  | (126.0, 114.2)
  130 | (178.8, 118.2)  | (137.8, 114.2)
  131 | (190.6, 118.2)  | (149.6, 114.2)
  132 | (202.4, 118.2)  | (161.4, 114.2)
  133 | (214.1, 118.2)  | (173.1, 114.2)
  134 | (225.9, 118.2)  | (184.9, 114.2)
  135 | (225.9, 130.0)  | (184.9, 126.0)
  136 | (214.1, 130.0)  | (173.1, 126.0)
  137 | (202.4, 130.0)  | (161.4, 126.0)
  138 | (190.6, 130.0)  | (149.6, 126.0)
  139 | (178.8, 130.0)  | (137.8, 126.0)
  140 | (167.0, 130.0)  | (126.0, 126.0)
  141 | (155.2, 130.0)  | (114.2, 126.0)
  142 | (143.5, 130.0)  | (102.5, 126.0)
  143 | (131.7, 130.0)  | (90.7, 126.0)
  144 | (119.9, 130.0)  | (78.9, 126.0)
  145 | (108.1, 130.0)  | (67.1, 126.0)
  146 | (96.3, 130.0)   | (55.3, 126.0)
  147 | (84.6, 130.0)   | (43.6, 126.0)
  148 | (72.8, 130.0)   | (31.8, 126.0)
  149 | (61.0, 130.0)   | (20.0, 126.0)
  150 | (61.0, 141.8)   | (20.0, 137.8)
  151 | (72.8, 141.8)   | (31.8, 137.8)
  152 | (84.6, 141.8)   | (43.6, 137.8)
  153 | (96.3, 141.8)   | (55.3, 137.8)
  154 | (108.1, 141.8)  | (67.1, 137.8)
  155 | (119.9, 141.8)  | (78.9, 137.8)
  156 | (131.7, 141.8)  | (90.7, 137.8)
  157 | (143.5, 141.8)  | (102.5, 137.8)
  158 | (155.2, 141.8)  | (114.2, 137.8)
  159 | (167.0, 141.8)  | (126.0, 137.8)
  160 | (178.8, 141.8)  | (137.8, 137.8)
  161 | (190.6, 141.8)  | (149.6, 137.8)
  162 | (202.4, 141.8)  | (161.4, 137.8)
  163 | (214.1, 141.8)  | (173.1, 137.8)
  164 | (225.9, 141.8)  | (184.9, 137.8)
  165 | (225.9, 153.6)  | (184.9, 149.6)
  166 | (214.1, 153.6)  | (173.1, 149.6)
  167 | (202.4, 153.6)  | (161.4, 149.6)
  168 | (190.6, 153.6)  | (149.6, 149.6)
  169 | (178.8, 153.6)  | (137.8, 149.6)
  170 | (167.0, 153.6)  | (126.0, 149.6)
  171 | (155.2, 153.6)  | (114.2, 149.6)
  172 | (143.5, 153.6)  | (102.5, 149.6)
  173 | (131.7, 153.6)  | (90.7, 149.6)
  174 | (119.9, 153.6)  | (78.9, 149.6)
  175 | (108.1, 153.6)  | (67.1, 149.6)
  176 | (96.3, 153.6)   | (55.3, 149.6)
  177 | (84.6, 153.6)   | (43.6, 149.6)
  178 | (72.8, 153.6)   | (31.8, 149.6)
  179 | (61.0, 153.6)   | (20.0, 149.6)
  180 | (61.0, 165.4)   | (20.0, 161.4)
  181 | (72.8, 165.4)   | (31.8, 161.4)
  182 | (84.6, 165.4)   | (43.6, 161.4)
  183 | (96.3, 165.4)   | (55.3, 161.4)
  184 | (108.1, 165.4)  | (67.1, 161.4)
  185 | (119.9, 165.4)  | (78.9, 161.4)
  186 | (131.7, 165.4)  | (90.7, 161.4)
  187 | (143.5, 165.4)  | (102.5, 161.4)
  188 | (155.2, 165.4)  | (114.2, 161.4)
  189 | (167.0, 165.4)  | (126.0, 161.4)
  190 | (178.8, 165.4)  | (137.8, 161.4)
  191 | (190.6, 165.4)  | (149.6, 161.4)
  192 | (202.4, 165.4)  | (161.4, 161.4)
  193 | (214.1, 165.4)  | (173.1, 161.4)
  194 | (225.9, 165.4)  | (184.9, 161.4)
  195 | (225.9, 177.1)  | (184.9, 173.1)
  196 | (214.1, 177.1)  | (173.1, 173.1)
  197 | (202.4, 177.1)  | (161.4, 173.1)
  198 | (190.6, 177.1)  | (149.6, 173.1)
  199 | (178.8, 177.1)  | (137.8, 173.1)
  200 | (167.0, 177.1)  | (126.0, 173.1)
  201 | (155.2, 177.1)  | (114.2, 173.1)
  202 | (143.5, 177.1)  | (102.5, 173.1)
  203 | (131.7, 177.1)  | (90.7, 173.1)
  204 | (119.9, 177.1)  | (78.9, 173.1)
  205 | (108.1, 177.1)  | (67.1, 173.1)
  206 | (96.3, 177.1)   | (55.3, 173.1)
  207 | (84.6, 177.1)   | (43.6, 173.1)
  208 | (72.8, 177.1)   | (31.8, 173.1)
  209 | (61.0, 177.1)   | (20.0, 173.1)
  210 | (61.0, 188.9)   | (20.0, 184.9)
  211 | (72.8, 188.9)   | (31.8, 184.9)
  212 | (84.6, 188.9)   | (43.6, 184.9)
  213 | (96.3, 188.9)   | (55.3, 184.9)
  214 | (108.1, 188.9)  | (67.1, 184.9)
  215 | (119.9, 188.9)  | (78.9, 184.9)
  216 | (131.7, 188.9)  | (90.7, 184.9)
  217 | (143.5, 188.9)  | (102.5, 184.9)
  218 | (155.2, 188.9)  | (114.2, 184.9)
  219 | (167.0, 188.9)  | (126.0, 184.9)
  220 | (178.8, 188.9)  | (137.8, 184.9)
  221 | (190.6, 188.9)  | (149.6, 184.9)
  222 | (202.4, 188.9)  | (161.4, 184.9)
  223 | (214.1, 188.9)  | (173.1, 184.9)
  224 | (225.9, 188.9)  | (184.9, 184.9)
Starting heater checks for extruder
Stats 422165.2: gcodein=0  mcu: mcu_awake=0.006 mcu_task_avg=0.000029 mcu_task_stddev=0.000047 bytes_write=1295 bytes_read=4607 bytes_retransmit=0 bytes_invalid=0 send_seq=137 receive_seq=137 retransmit_seq=0 srtt=0.003 rttvar=0.000 rto=0.025 ready_bytes=0 upcoming_bytes=0 freq=72002917  heater_bed: target=0 temp=27.0 pwm=0.000 sysload=1.90 cputime=2.205 memavail=2699316 print_time=5.321 buffer_time=0.195 print_stall=0 extruder: target=0 temp=27.4 pwm=0.000
webhooks: registering remote method 'shutdown_machine' for connection id: 140401883357632
webhooks: registering remote method 'reboot_machine' for connection id: 140401883357632
webhooks: registering remote method 'pause_job_queue' for connection id: 140401883357632
webhooks: registering remote method 'start_job_queue' for connection id: 140401883357632
webhooks: registering remote method 'set_wled_state' for connection id: 140401883357632
webhooks: registering remote method 'set_wled' for connection id: 140401883357632
webhooks: registering remote method 'set_device_power' for connection id: 140401883357632
Stats 422166.2: gcodein=0  mcu: mcu_awake=0.006 mcu_task_avg=0.000029 mcu_task_stddev=0.000047 bytes_write=1301 bytes_read=4728 bytes_retransmit=0 bytes_invalid=0 send_seq=138 receive_seq=138 retransmit_seq=0 srtt=0.003 rttvar=0.000 rto=0.025 ready_bytes=0 upcoming_bytes=0 freq=72002570  heater_bed: target=0 temp=27.0 pwm=0.000 sysload=1.90 cputime=2.248 memavail=2706464 print_time=5.321 buffer_time=0.000 print_stall=0 extruder: target=0 temp=27.4 pwm=0.000
Stats 422167.2: gcodein=0  mcu: mcu_awake=0.006 mcu_task_avg=0.000029 mcu_task_stddev=0.000047 bytes_write=1307 bytes_read=4849 bytes_retransmit=0 bytes_invalid=0 send_seq=139 receive_seq=139 retransmit_seq=0 srtt=0.003 rttvar=0.000 rto=0.025 ready_bytes=0 upcoming_bytes=0 freq=72002566  heater_bed: target=0 temp=27.0 pwm=0.000 sysload=1.90 cputime=2.277 memavail=2712172 print_time=5.321 buffer_time=0.000 print_stall=0 extruder: target=0 temp=27.4 pwm=0.000
Stats 422168.2: gcodein=0  mcu: mcu_awake=0.006 mcu_task_avg=0.000029 mcu_task_stddev=0.000047 bytes_write=1313 bytes_read=4955 bytes_retransmit=0 bytes_invalid=0 send_seq=140 receive_seq=140 retransmit_seq=0 srtt=0.003 rttvar=0.000 rto=0.025 ready_bytes=0 upcoming_bytes=0 freq=72002457  heater_bed: target=0 temp=27.0 pwm=0.000 sysload=1.99 cputime=2.292 memavail=2717680 print_time=5.321 buffer_time=0.000 print_stall=0 extruder: target=0 temp=27.4 pwm=0.000
Stats 422169.2: gcodein=0  mcu: mcu_awake=0.006 mcu_task_avg=0.000029 mcu_task_stddev=0.000047 bytes_write=1319 bytes_read=5076 bytes_retransmit=0 bytes_invalid=0 send_seq=141 receive_seq=141 retransmit_seq=0 srtt=0.003 rttvar=0.000 rto=0.025 ready_bytes=0 upcoming_bytes=0 freq=72002437  heater_bed: target=0 temp=27.0 pwm=0.000 sysload=1.99 cputime=2.306 memavail=2712540 print_time=5.321 buffer_time=0.000 print_stall=0 extruder: target=0 temp=27.4 pwm=0.000
Stats 422170.2: gcodein=0  mcu: mcu_awake=0.001 mcu_task_avg=0.000015 mcu_task_stddev=0.000010 bytes_write=1325 bytes_read=5210 bytes_retransmit=0 bytes_invalid=0 send_seq=142 receive_seq=142 retransmit_seq=0 srtt=0.003 rttvar=0.000 rto=0.025 ready_bytes=0 upcoming_bytes=0 freq=72002524  heater_bed: target=0 temp=26.9 pwm=0.000 sysload=1.99 cputime=2.323 memavail=2702200 print_time=5.321 buffer_time=0.000 print_stall=0 extruder: target=0 temp=27.4 pwm=0.000
Stats 422171.2: gcodein=0  mcu: mcu_awake=0.001 mcu_task_avg=0.000015 mcu_task_stddev=0.000010 bytes_write=1331 bytes_read=5316 bytes_retransmit=0 bytes_invalid=0 send_seq=143 receive_seq=143 retransmit_seq=0 srtt=0.003 rttvar=0.000 rto=0.025 ready_bytes=0 upcoming_bytes=0 freq=72002491  heater_bed: target=0 temp=27.0 pwm=0.000 sysload=1.99 cputime=2.341 memavail=2708564 print_time=5.321 buffer_time=0.000 print_stall=0 extruder: target=0 temp=27.4 pwm=0.000
Heater extruder approaching new target of 250.000
Stats 422172.2: gcodein=0  mcu: mcu_awake=0.001 mcu_task_avg=0.000015 mcu_task_stddev=0.000010 bytes_write=1353 bytes_read=5442 bytes_retransmit=0 bytes_invalid=0 send_seq=145 receive_seq=145 retransmit_seq=0 srtt=0.003 rttvar=0.000 rto=0.025 ready_bytes=0 upcoming_bytes=0 freq=72002517  heater_bed: target=0 temp=27.0 pwm=0.000 sysload=1.99 cputime=2.360 memavail=2720844 print_time=11.803 buffer_time=0.000 print_stall=0 extruder: target=250 temp=27.4 pwm=1.000
Stats 422173.2: gcodein=0  mcu: mcu_awake=0.001 mcu_task_avg=0.000015 mcu_task_stddev=0.000010 bytes_write=1359 bytes_read=5563 bytes_retransmit=0 bytes_invalid=0 send_seq=146 receive_seq=146 retransmit_seq=0 srtt=0.003 rttvar=0.000 rto=0.025 ready_bytes=0 upcoming_bytes=0 freq=72002505  heater_bed: target=0 temp=27.0 pwm=0.000 sysload=2.07 cputime=2.376 memavail=2727644 print_time=11.803 buffer_time=0.000 print_stall=0 extruder: target=250 temp=27.5 pwm=1.000
Stats 422174.2: gcodein=0  mcu: mcu_awake=0.001 mcu_task_avg=0.000015 mcu_task_stddev=0.000010 bytes_write=1365 bytes_read=5669 bytes_retransmit=0 bytes_invalid=0 send_seq=147 receive_seq=147 retransmit_seq=0 srtt=0.003 rttvar=0.000 rto=0.025 ready_bytes=0 upcoming_bytes=0 freq=72002473  heater_bed: target=0 temp=27.0 pwm=0.000 sysload=2.07 cputime=2.392 memavail=2727816 print_time=11.803 buffer_time=0.000 print_stall=0 extruder: target=250 temp=27.9 pwm=1.000
Stats 422175.2: gcodein=0  mcu: mcu_awake=0.001 mcu_task_avg=0.000015 mcu_task_stddev=0.000010 bytes_write=1371 bytes_read=5803 bytes_retransmit=0 bytes_invalid=0 send_seq=148 receive_seq=148 retransmit_seq=0 srtt=0.003 rttvar=0.000 rto=0.025 ready_bytes=0 upcoming_bytes=0 freq=72002458  heater_bed: target=0 temp=26.8 pwm=0.000 sysload=2.07 cputime=2.409 memavail=2726332 print_time=11.803 buffer_time=0.000 print_stall=0 extruder: target=250 temp=28.8 pwm=1.000
Stats 422176.2: gcodein=0  mcu: mcu_awake=0.001 mcu_task_avg=0.000015 mcu_task_stddev=0.000010 bytes_write=1388 bytes_read=5924 bytes_retransmit=0 bytes_invalid=0 send_seq=149 receive_seq=149 retransmit_seq=0 srtt=0.003 rttvar=0.000 rto=0.025 ready_bytes=0 upcoming_bytes=0 freq=72002464  heater_bed: target=0 temp=27.0 pwm=0.000 sysload=2.07 cputime=2.426 memavail=2712900 print_time=11.803 buffer_time=0.000 print_stall=0 extruder: target=250 temp=30.6 pwm=1.000
Stats 422177.2: gcodein=0  mcu: mcu_awake=0.001 mcu_task_avg=0.000015 mcu_task_stddev=0.000010 bytes_write=1394 bytes_read=6030 bytes_retransmit=0 bytes_invalid=0 send_seq=150 receive_seq=150 retransmit_seq=0 srtt=0.003 rttvar=0.000 rto=0.025 ready_bytes=0 upcoming_bytes=0 freq=72002451  heater_bed: target=0 temp=27.0 pwm=0.000 sysload=2.07 cputime=2.444 memavail=2703728 print_time=11.803 buffer_time=0.000 print_stall=0 extruder: target=250 temp=32.4 pwm=1.000
Stats 422178.2: gcodein=0  mcu: mcu_awake=0.001 mcu_task_avg=0.000015 mcu_task_stddev=0.000010 bytes_write=1676 bytes_read=6171 bytes_retransmit=0 bytes_invalid=0 send_seq=155 receive_seq=155 retransmit_seq=0 srtt=0.003 rttvar=0.000 rto=0.025 ready_bytes=0 upcoming_bytes=0 freq=72002478  heater_bed: target=0 temp=27.0 pwm=0.000 sysload=2.06 cputime=2.470 memavail=2709864 print_time=18.639 buffer_time=0.000 print_stall=0 extruder: target=250 temp=34.6 pwm=1.000
Stats 422179.2: gcodein=0  mcu: mcu_awake=0.001 mcu_task_avg=0.000015 mcu_task_stddev=0.000010 bytes_write=2270 bytes_read=6506 bytes_retransmit=0 bytes_invalid=0 send_seq=179 receive_seq=179 retransmit_seq=0 srtt=0.003 rttvar=0.001 rto=0.025 ready_bytes=0 upcoming_bytes=0 freq=72002519  heater_bed: target=0 temp=27.1 pwm=0.000 sysload=2.06 cputime=2.509 memavail=2715304 print_time=19.350 buffer_time=0.213 print_stall=0 extruder: target=250 temp=38.0 pwm=1.000
Stats 422180.2: gcodein=0  mcu: mcu_awake=0.004 mcu_task_avg=0.000023 mcu_task_stddev=0.000018 bytes_write=2748 bytes_read=6984 bytes_retransmit=0 bytes_invalid=0 send_seq=212 receive_seq=212 retransmit_seq=0 srtt=0.003 rttvar=0.000 rto=0.025 ready_bytes=0 upcoming_bytes=0 freq=72002516  heater_bed: target=0 temp=27.0 pwm=0.000 sysload=2.06 cputime=2.561 memavail=2716616 print_time=20.331 buffer_time=0.000 print_stall=0 extruder: target=250 temp=40.7 pwm=1.000
Stats 422181.2: gcodein=0  mcu: mcu_awake=0.004 mcu_task_avg=0.000023 mcu_task_stddev=0.000018 bytes_write=3263 bytes_read=7439 bytes_retransmit=0 bytes_invalid=0 send_seq=243 receive_seq=243 retransmit_seq=0 srtt=0.003 rttvar=0.000 rto=0.025 ready_bytes=0 upcoming_bytes=0 freq=72002488  heater_bed: target=0 temp=27.2 pwm=0.000 sysload=2.06 cputime=2.606 memavail=2708640 print_time=21.319 buffer_time=0.000 print_stall=0 extruder: target=250 temp=43.6 pwm=1.000
Stats 422182.2: gcodein=0  mcu: mcu_awake=0.004 mcu_task_avg=0.000023 mcu_task_stddev=0.000018 bytes_write=3954 bytes_read=7731 bytes_retransmit=0 bytes_invalid=0 send_seq=261 receive_seq=261 retransmit_seq=0 srtt=0.003 rttvar=0.000 rto=0.025 ready_bytes=0 upcoming_bytes=26 freq=72002563  heater_bed: target=0 temp=26.8 pwm=0.000 sysload=2.06 cputime=2.650 memavail=2710048 print_time=22.621 buffer_time=0.479 print_stall=0 extruder: target=250 temp=47.5 pwm=1.000
Stats 422183.2: gcodein=0  mcu: mcu_awake=0.004 mcu_task_avg=0.000023 mcu_task_stddev=0.000018 bytes_write=3968 bytes_read=7837 bytes_retransmit=0 bytes_invalid=0 send_seq=262 receive_seq=262 retransmit_seq=0 srtt=0.003 rttvar=0.000 rto=0.025 ready_bytes=0 upcoming_bytes=18 freq=72002553  heater_bed: target=0 temp=27.2 pwm=0.000 sysload=2.06 cputime=2.669 memavail=2716076 print_time=22.621 buffer_time=0.000 print_stall=0 extruder: target=250 temp=50.5 pwm=1.000
Stats 422184.2: gcodein=0  mcu: mcu_awake=0.004 mcu_task_avg=0.000023 mcu_task_stddev=0.000018 bytes_write=4109 bytes_read=8069 bytes_retransmit=0 bytes_invalid=0 send_seq=271 receive_seq=271 retransmit_seq=0 srtt=0.003 rttvar=0.000 rto=0.025 ready_bytes=0 upcoming_bytes=0 freq=72002560  heater_bed: target=0 temp=27.2 pwm=0.000 sysload=2.06 cputime=2.695 memavail=2702312 print_time=24.379 buffer_time=0.000 print_stall=0 extruder: target=250 temp=53.5 pwm=1.000
Stats 422185.2: gcodein=0  mcu: mcu_awake=0.005 mcu_task_avg=0.000025 mcu_task_stddev=0.000017 bytes_write=4554 bytes_read=8499 bytes_retransmit=0 bytes_invalid=0 send_seq=300 receive_seq=300 retransmit_seq=0 srtt=0.003 rttvar=0.001 rto=0.025 ready_bytes=0 upcoming_bytes=0 freq=72002561  heater_bed: target=0 temp=27.1 pwm=0.000 sysload=2.06 cputime=2.738 memavail=2721620 print_time=25.329 buffer_time=0.000 print_stall=0 extruder: target=250 temp=57.6 pwm=1.000
Stats 422186.2: gcodein=0  mcu: mcu_awake=0.005 mcu_task_avg=0.000025 mcu_task_stddev=0.000017 bytes_write=4946 bytes_read=8942 bytes_retransmit=0 bytes_invalid=0 send_seq=332 receive_seq=332 retransmit_seq=0 srtt=0.003 rttvar=0.000 rto=0.025 ready_bytes=0 upcoming_bytes=0 freq=72002546  heater_bed: target=0 temp=27.2 pwm=0.000 sysload=2.06 cputime=2.778 memavail=2724516 print_time=26.329 buffer_time=0.000 print_stall=0 extruder: target=250 temp=60.8 pwm=1.000
Stats 422187.2: gcodein=0  mcu: mcu_awake=0.005 mcu_task_avg=0.000025 mcu_task_stddev=0.000017 bytes_write=5355 bytes_read=9424 bytes_retransmit=0 bytes_invalid=0 send_seq=366 receive_seq=366 retransmit_seq=0 srtt=0.003 rttvar=0.000 rto=0.025 ready_bytes=0 upcoming_bytes=0 freq=72002546  heater_bed: target=0 temp=27.2 pwm=0.000 sysload=2.06 cputime=2.825 memavail=2719152 print_time=27.329 buffer_time=0.000 print_stall=0 extruder: target=250 temp=63.9 pwm=1.000
Stats 422188.2: gcodein=0  mcu: mcu_awake=0.005 mcu_task_avg=0.000025 mcu_task_stddev=0.000017 bytes_write=5747 bytes_read=9882 bytes_retransmit=0 bytes_invalid=0 send_seq=398 receive_seq=398 retransmit_seq=0 srtt=0.003 rttvar=0.000 rto=0.025 ready_bytes=0 upcoming_bytes=0 freq=72002527  heater_bed: target=0 temp=27.2 pwm=0.000 sysload=2.05 cputime=2.869 memavail=2713608 print_time=28.329 buffer_time=0.000 print_stall=0 extruder: target=250 temp=68.1 pwm=1.000
Stats 422189.2: gcodein=0  mcu: mcu_awake=0.005 mcu_task_avg=0.000025 mcu_task_stddev=0.000017 bytes_write=6145 bytes_read=10320 bytes_retransmit=0 bytes_invalid=0 send_seq=429 receive_seq=429 retransmit_seq=0 srtt=0.003 rttvar=0.000 rto=0.025 ready_bytes=0 upcoming_bytes=0 freq=72002512  heater_bed: target=0 temp=27.2 pwm=0.000 sysload=2.05 cputime=2.914 memavail=2716132 print_time=29.329 buffer_time=0.000 print_stall=0 extruder: target=250 temp=71.2 pwm=1.000
Stats 422190.2: gcodein=0  mcu: mcu_awake=0.007 mcu_task_avg=0.000023 mcu_task_stddev=0.000008 bytes_write=6554 bytes_read=10817 bytes_retransmit=0 bytes_invalid=0 send_seq=463 receive_seq=463 retransmit_seq=0 srtt=0.003 rttvar=0.000 rto=0.025 ready_bytes=0 upcoming_bytes=0 freq=72002492  heater_bed: target=0 temp=27.1 pwm=0.000 sysload=2.05 cputime=2.958 memavail=2714672 print_time=30.329 buffer_time=0.000 print_stall=0 extruder: target=250 temp=74.3 pwm=1.000
Stats 422191.2: gcodein=0  mcu: mcu_awake=0.007 mcu_task_avg=0.000023 mcu_task_stddev=0.000008 bytes_write=6941 bytes_read=11270 bytes_retransmit=0 bytes_invalid=0 send_seq=494 receive_seq=494 retransmit_seq=0 srtt=0.003 rttvar=0.000 rto=0.025 ready_bytes=0 upcoming_bytes=0 freq=72002481  heater_bed: target=0 temp=27.1 pwm=0.000 sysload=2.05 cputime=3.003 memavail=2721512 print_time=31.329 buffer_time=0.000 print_stall=0 extruder: target=250 temp=78.5 pwm=1.000
Stats 422192.2: gcodein=0  mcu: mcu_awake=0.007 mcu_task_avg=0.000023 mcu_task_stddev=0.000008 bytes_write=7333 bytes_read=11713 bytes_retransmit=0 bytes_invalid=0 send_seq=526 receive_seq=526 retransmit_seq=0 srtt=0.003 rttvar=0.000 rto=0.025 ready_bytes=0 upcoming_bytes=0 freq=72002473  heater_bed: target=0 temp=27.2 pwm=0.000 sysload=2.05 cputime=3.042 memavail=2715912 print_time=32.329 buffer_time=0.000 print_stall=0 extruder: target=250 temp=81.6 pwm=1.000
Stats 422193.2: gcodein=0  mcu: mcu_awake=0.007 mcu_task_avg=0.000023 mcu_task_stddev=0.000008 bytes_write=7743 bytes_read=12185 bytes_retransmit=0 bytes_invalid=0 send_seq=558 receive_seq=558 retransmit_seq=0 srtt=0.003 rttvar=0.000 rto=0.025 ready_bytes=0 upcoming_bytes=0 freq=72002462  heater_bed: target=0 temp=27.2 pwm=0.000 sysload=2.05 cputime=3.090 memavail=2720992 print_time=33.329 buffer_time=0.000 print_stall=0 extruder: target=250 temp=84.7 pwm=1.000
Stats 422194.2: gcodein=0  mcu: mcu_awake=0.007 mcu_task_avg=0.000023 mcu_task_stddev=0.000008 bytes_write=8221 bytes_read=12525 bytes_retransmit=0 bytes_invalid=0 send_seq=580 receive_seq=580 retransmit_seq=0 srtt=0.003 rttvar=0.000 rto=0.025 ready_bytes=0 upcoming_bytes=0 freq=72002466  heater_bed: target=0 temp=27.2 pwm=0.000 sysload=2.05 cputime=3.129 memavail=2712644 print_time=34.327 buffer_time=0.000 print_stall=0 extruder: target=250 temp=88.8 pwm=1.000
Stats 422195.2: gcodein=0  mcu: mcu_awake=0.007 mcu_task_avg=0.000023 mcu_task_stddev=0.000010 bytes_write=8615 bytes_read=12992 bytes_retransmit=0 bytes_invalid=0 send_seq=611 receive_seq=611 retransmit_seq=0 srtt=0.003 rttvar=0.000 rto=0.025 ready_bytes=0 upcoming_bytes=0 freq=72002468  heater_bed: target=0 temp=27.2 pwm=0.000 sysload=2.05 cputime=3.170 memavail=2711240 print_time=35.327 buffer_time=0.000 print_stall=0 extruder: target=250 temp=91.8 pwm=1.000
Stats 422196.2: gcodein=0  mcu: mcu_awake=0.007 mcu_task_avg=0.000023 mcu_task_stddev=0.000010 bytes_write=9030 bytes_read=13475 bytes_retransmit=0 bytes_invalid=0 send_seq=642 receive_seq=642 retransmit_seq=0 srtt=0.003 rttvar=0.000 rto=0.025 ready_bytes=0 upcoming_bytes=8 freq=72002467  heater_bed: target=0 temp=27.2 pwm=0.000 sysload=2.05 cputime=3.220 memavail=2708232 print_time=36.247 buffer_time=0.093 print_stall=0 extruder: target=250 temp=94.8 pwm=1.000
Stats 422197.2: gcodein=0  mcu: mcu_awake=0.007 mcu_task_avg=0.000023 mcu_task_stddev=0.000010 bytes_write=9255 bytes_read=13713 bytes_retransmit=0 bytes_invalid=0 send_seq=652 receive_seq=652 retransmit_seq=0 srtt=0.003 rttvar=0.000 rto=0.025 ready_bytes=0 upcoming_bytes=0 freq=72002460  heater_bed: target=0 temp=27.2 pwm=0.000 sysload=2.05 cputime=3.245 memavail=2724860 print_time=37.811 buffer_time=0.656 print_stall=0 extruder: target=250 temp=98.7 pwm=1.000
Stats 422198.2: gcodein=0  mcu: mcu_awake=0.007 mcu_task_avg=0.000023 mcu_task_stddev=0.000010 bytes_write=9342 bytes_read=13829 bytes_retransmit=0 bytes_invalid=0 send_seq=655 receive_seq=655 retransmit_seq=0 srtt=0.003 rttvar=0.000 rto=0.025 ready_bytes=0 upcoming_bytes=0 freq=72002452  heater_bed: target=0 temp=27.2 pwm=0.000 sysload=2.04 cputime=3.259 memavail=2720416 print_time=37.811 buffer_time=0.000 print_stall=0 extruder: target=250 temp=101.7 pwm=1.000
Stats 422199.2: gcodein=0  mcu: mcu_awake=0.007 mcu_task_avg=0.000023 mcu_task_stddev=0.000010 bytes_write=9348 bytes_read=13950 bytes_retransmit=0 bytes_invalid=0 send_seq=656 receive_seq=656 retransmit_seq=0 srtt=0.003 rttvar=0.000 rto=0.025 ready_bytes=0 upcoming_bytes=0 freq=72002450  heater_bed: target=0 temp=27.2 pwm=0.000 sysload=2.04 cputime=3.272 memavail=2721760 print_time=37.811 buffer_time=0.000 print_stall=0 extruder: target=250 temp=104.6 pwm=1.000
Stats 422200.2: gcodein=0  mcu: mcu_awake=0.007 mcu_task_avg=0.000023 mcu_task_stddev=0.000010 bytes_write=9354 bytes_read=14071 bytes_retransmit=0 bytes_invalid=0 send_seq=657 receive_seq=657 retransmit_seq=0 srtt=0.003 rttvar=0.000 rto=0.025 ready_bytes=0 upcoming_bytes=0 freq=72002442  heater_bed: target=0 temp=27.2 pwm=0.000 sysload=2.04 cputime=3.290 memavail=2722528 print_time=37.811 buffer_time=0.000 print_stall=0 extruder: target=250 temp=108.5 pwm=1.000
Stats 422201.2: gcodein=0  mcu: mcu_awake=0.003 mcu_task_avg=0.000020 mcu_task_stddev=0.000013 bytes_write=9376 bytes_read=14197 bytes_retransmit=0 bytes_invalid=0 send_seq=659 receive_seq=659 retransmit_seq=0 srtt=0.003 rttvar=0.000 rto=0.025 ready_bytes=0 upcoming_bytes=0 freq=72002434  heater_bed: target=0 temp=27.2 pwm=0.000 sysload=2.04 cputime=3.308 memavail=2711672 print_time=37.811 buffer_time=0.000 print_stall=0 extruder: target=250 temp=111.3 pwm=1.000
Stats 422202.2: gcodein=0  mcu: mcu_awake=0.003 mcu_task_avg=0.000020 mcu_task_stddev=0.000013 bytes_write=9382 bytes_read=14318 bytes_retransmit=0 bytes_invalid=0 send_seq=660 receive_seq=660 retransmit_seq=0 srtt=0.003 rttvar=0.001 rto=0.025 ready_bytes=0 upcoming_bytes=0 freq=72002433  heater_bed: target=0 temp=27.2 pwm=0.000 sysload=2.04 cputime=3.325 memavail=2707020 print_time=37.811 buffer_time=0.000 print_stall=0 extruder: target=250 temp=114.2 pwm=1.000
