-------------------- Log Start | Wed Feb 19 10:16:53 2025 --------------------
platform: Linux-5.15.0-131-generic-x86_64-with-glibc2.29
data_path: /home/chase/printer_data
is_default_data_path: False
config_file: /home/chase/printer_data/config/moonraker.conf
backup_config: None
startup_warnings: []
verbose: False
debug: False
asyncio_debug: False
is_backup_config: False
is_python_package: False
instance_uuid: b8aeafbbdbb14078bbacb03f480f8081
unix_socket_path: /home/chase/printer_data/comms/moonraker.sock
software_version: v0.9.3-58-ga0164e1
git_branch: master
git_remote: origin
git_repo_url: https://github.com/Arksine/moonraker
modified_files: []
unofficial_components: []
log_file: /home/chase/printer_data/logs/moonraker.log
python_version: 3.8.10 (default, Jan 17 2025, 14:40:23)  [GCC 9.4.0]
launch_args: /home/chase/moonraker-env/bin/python /home/chase/moonraker/moonraker/moonraker.py -d /home/chase/printer_data
msgspec_enabled: True
uvloop_enabled: True

#################### Moonraker Configuration ####################

[server]
host = 0.0.0.0
port = 7125
max_upload_size = 1024
klippy_uds_address = ~/printer_data/comms/klippy.sock

[file_manager]
enable_object_processing = True
queue_gcode_uploads = True

[authorization]
cors_domains = 
	https://my.mainsail.xyz
	http://my.mainsail.xyz
	http://*.local
	http://*.lan
trusted_clients = 
	10.0.0.0/8
	127.0.0.0/8
	169.254.0.0/16
	172.16.0.0/12
	192.168.0.0/16
	FE80::/10
	::1/128

[octoprint_compat]

[history]

[announcements]
subscriptions = 
	octoeverywhere

[update_manager]
refresh_interval = 168
enable_auto_refresh = True

[update_manager mainsail]
type = web
channel = stable
repo = mainsail-crew/mainsail
path = ~/mainsail

[update_manager mainsail-config]
type = git_repo
primary_branch = master
path = ~/mainsail-config
origin = https://github.com/mainsail-crew/mainsail-config.git
managed_services = klipper

[update_manager crowsnest]
type = git_repo
path = ~/crowsnest
origin = https://github.com/mainsail-crew/crowsnest.git
managed_services = crowsnest
install_script = tools/pkglist.sh

[update_manager sonar]
type = git_repo
path = ~/sonar
origin = https://github.com/mainsail-crew/sonar.git
primary_branch = main
managed_services = sonar
install_script = tools/install.sh

[update_manager Klipper-Adaptive-Meshing-Purging]
type = git_repo
channel = dev
path = ~/Klipper-Adaptive-Meshing-Purging
origin = https://github.com/kyleisah/Klipper-Adaptive-Meshing-Purging.git
managed_services = klipper
primary_branch = main

[power Power]
type = tplink_smartplug
address = 192.168.1.31
off_when_shutdown = True
on_when_job_queued = True
restart_klipper_when_powered = True
locked_while_printing = False
bound_services = 
	klipper
	klipper-mcu

[wled printerled]
type = http
address = 192.168.1.154
initial_red = 0.0
initial_green = 0.0
initial_blue = 0.0
chain_count = 20

[job_queue]
load_on_startup = True

[update_manager octoeverywhere]
type = git_repo
channel = beta
path = /home/chase/octoeverywhere
origin = https://github.com/QuinnDamerell/OctoPrint-OctoEverywhere.git
env = /home/chase/octoeverywhere-env/bin/python
requirements = requirements.txt
install_script = install.sh
managed_services = 
	octoeverywhere

[update_manager klipper-backup]
type = git_repo
path = ~/klipper-backup
origin = https://github.com/Staubgeborener/klipper-backup.git
managed_services = moonraker
primary_branch = main

[update_manager mobileraker]
type = git_repo
path = /home/chase/mobileraker_companion
origin = https://github.com/Clon1998/mobileraker_companion.git
primary_branch = main
managed_services = mobileraker
env = /home/chase/mobileraker-env/bin/python
requirements = scripts/mobileraker-requirements.txt
install_script = scripts/install.sh

#################################################################
All Configuration Files:
/home/chase/printer_data/config/moonraker.conf
/home/chase/printer_data/config/octoeverywhere-system.cfg
#################################################################
Loading Sqlite database provider. Sqlite Version: 3.31.1
Unsafe Shutdown Count: 2

System Info:

***python***
  version: (3, 8, 10, 'final', 0)
  version_string: 3.8.10 (default, Jan 17 2025, 14:40:23)  [GCC 9.4.0]

***cpu_info***
  cpu_count: 4
  bits: 64bit
  processor: x86_64
  cpu_desc: Intel(R) Atom(TM) x5-Z8350  CPU @ 1.44GHz
  serial_number: 
  hardware_desc: 
  model: 
  total_memory: 3933588
  memory_units: kB

***sd_info***
  manufacturer_id: 45
  manufacturer: Unknown
  oem_id: 0100
  product_name: DA403
  product_revision: 3.2
  serial_number: 0146a370
  manufacturer_date: 5/2102
  capacity: Unknown
  total_bytes: 0

***distribution***
  name: Ubuntu 20.04.6 LTS
  id: ubuntu
  version: 20.04
  version_parts: {'major': '20', 'minor': '04', 'build_number': ''}
  like: debian
  codename: focal
  release_info: {}
  kernel_version: 5.15.0-131-generic

***virtualization***
  virt_type: none
  virt_identifier: none

***network***

***canbus***

***Allowed Services***
  klipper_mcu
  webcamd
  MoonCord
  KlipperScreen
  moonraker-telegram-bot
  moonraker-obico
  sonar
  crowsnest
  octoeverywhere
  ratos-configurator
  mobileraker
Module libcamera unavailble, import failed

Systemd unit moonraker.service:
unit_name: moonraker.service
is_default: True
manager: systemd
Properties:
**Requires=['sysinit.target', 'network-online.target', '-.mount', 'system.slice']
**After=['systemd-journald.socket', 'sysinit.target', 'basic.target', 'network-online.target', 'system.slice', '-.mount']
**SupplementaryGroups=['moonraker-admin']
**EnvironmentFiles=/home/chase/printer_data/systemd/moonraker.env
**ExecStart=/home/chase/moonraker-env/bin/python $MOONRAKER_ARGS
**WorkingDirectory=/home/chase/moonraker
**FragmentPath=/etc/systemd/system/moonraker.service
**Description=API Server for Klipper SV1
**User=chase

Systemd unit klipper.service:
unit_name: klipper.service
is_default: True
manager: systemd
Properties:
**Requires=['sysinit.target', '-.mount', 'system.slice']
**After=['network-online.target', '-.mount', 'basic.target', 'sysinit.target', 'systemd-journald.socket', 'system.slice']
**SupplementaryGroups=[]
**EnvironmentFiles=/home/chase/printer_data/systemd/klipper.env
**ExecStart=/home/chase/klippy-env/bin/python $KLIPPER_ARGS
**WorkingDirectory=/home/chase/klipper
**FragmentPath=/etc/systemd/system/klipper.service
**Description=Klipper 3D Printer Firmware SV1
**User=chase
Git Repo moonraker: No warnings detected
Git Repo klipper: No warnings detected
Git Repo mainsail-config: No warnings detected
Git Repo crowsnest: No warnings detected
Git Repo sonar: No warnings detected
Git Repo Klipper-Adaptive-Meshing-Purging: No warnings detected
Git Repo klipper-backup: No warnings detected
Git Repo mobileraker: No warnings detected
Klipper Version: v0.12.0-439-g1fc6d214f-dirty
2025-02-19 05:16:53,495 [authorization.py:_check_trusted_connection()] - Trusted Connection Detected, IP: 192.168.1.227
2025-02-19 05:16:53,500 [application.py:log_request()] - 101 GET /websocket (192.168.1.227) [_TRUSTED_USER_] 8.04ms
2025-02-19 05:16:53,500 [websockets.py:open()] - Websocket Opened: ID: 139962718561376, Proxied: True, User Agent: Mozilla/5.0 (X11; Linux x86_64) AppleWebKit/537.36 (KHTML, like Gecko) Chrome/133.0.0.0 Safari/537.36, Host Name: 192.168.1.130
2025-02-19 05:16:53,529 [websockets.py:_handle_identify()] - Websocket 139962718561376 Client Identified - Name: mainsail, Version: 2.13.2, Type: web
2025-02-19 05:17:40,967 [websockets.py:on_close()] - Websocket Closed: ID: 139962718561376 Close Code: None, Close Reason: None, Pong Time Elapsed: 7.41
2025-02-19 06:19:53,459 [authorization.py:_prune_conn_handler()] - Trusted Connection Expired, IP: 192.168.1.227
2025-02-19 06:44:33,855 [websockets.py:on_close()] - Websocket Closed: ID: 139962718562720 Close Code: 1001, Close Reason: None, Pong Time Elapsed: 4.69
2025-02-19 06:48:36,362 [authorization.py:_check_trusted_connection()] - Trusted Connection Detected, IP: 192.168.1.6
2025-02-19 06:48:36,364 [application.py:log_request()] - 101 GET /websocket (192.168.1.6) [_TRUSTED_USER_] 5.26ms
2025-02-19 06:48:36,364 [websockets.py:open()] - Websocket Opened: ID: 139962718622816, Proxied: True, User Agent: BBL-Slicer/v01.09.05.51 (light) Mozilla/5.0 (Windows NT 10.0; Win64; x64) AppleWebKit/537.36 (KHTML, like Gecko) Chrome/107.0.0.0 Safari/537.36 Edg/107.0.1418.52, Host Name: 192.168.1.130
2025-02-19 06:48:36,371 [websockets.py:_handle_identify()] - Websocket 139962718622816 Client Identified - Name: mainsail, Version: 2.13.2, Type: web
2025-02-19 06:49:09,010 [power.py:process_bound_services()] - Power Device Power: Performing start action on bound service klipper
2025-02-19 06:49:09,037 [power.py:process_bound_services()] - Power Device Power: Performing start action on bound service klipper-mcu
2025-02-19 06:49:09,065 [common.py:build_error()] - JSON-RPC Request Error - Requested Method: machine.device_power.on, Code: -31000, Message: Unit klipper-mcu.service not found.
2025-02-19 06:49:09,947 [klippy_connection.py:_do_connect()] - Klippy Connection Established
2025-02-19 06:49:10,031 [server.py:add_log_rollover_item()] - 
Systemd unit klipper.service:
unit_name: klipper.service
is_default: True
manager: systemd
Properties:
**Requires=['sysinit.target', '-.mount', 'system.slice']
**After=['network-online.target', 'basic.target', 'system.slice', 'systemd-journald.socket', 'sysinit.target', '-.mount']
**SupplementaryGroups=[]
**EnvironmentFiles=/home/chase/printer_data/systemd/klipper.env
**ExecStart=/home/chase/klippy-env/bin/python $KLIPPER_ARGS
**WorkingDirectory=/home/chase/klipper
**FragmentPath=/etc/systemd/system/klipper.service
**Description=Klipper 3D Printer Firmware SV1
**User=chase
2025-02-19 06:49:13,421 [klippy_connection.py:_request_initial_subscriptions()] - Webhooks Subscribed
2025-02-19 06:49:13,424 [klippy_connection.py:_request_initial_subscriptions()] - GCode Output Subscribed
2025-02-19 06:49:13,673 [job_state.py:_handle_started()] - Job state initialized: standby
2025-02-19 06:49:13,944 [klippy_connection.py:_check_ready()] - Klippy ready
2025-02-19 06:49:14,686 [data_store.py:_init_sensors()] - Configuring available sensors: ['heater_bed', 'extruder']
2025-02-19 06:49:14,758 [websockets.py:on_close()] - Websocket Closed: ID: 139962718622816 Close Code: 1001, Close Reason: None, Pong Time Elapsed: 8.39
2025-02-19 06:49:14,925 [application.py:log_request()] - 101 GET /websocket (192.168.1.6) [_TRUSTED_USER_] 4.07ms
2025-02-19 06:49:14,927 [websockets.py:open()] - Websocket Opened: ID: 139962717563536, Proxied: True, User Agent: BBL-Slicer/v01.09.05.51 (light) Mozilla/5.0 (Windows NT 10.0; Win64; x64) AppleWebKit/537.36 (KHTML, like Gecko) Chrome/107.0.0.0 Safari/537.36 Edg/107.0.1418.52, Host Name: 192.168.1.130
2025-02-19 06:49:14,932 [websockets.py:_handle_identify()] - Websocket 139962717563536 Client Identified - Name: mainsail, Version: 2.13.2, Type: web
2025-02-19 06:50:04,237 [application.py:prepare()] - Upload Request Received from 192.168.1.6
Content-Type: multipart/form-data; boundary=------------------------c25918a76b1d3b91
2025-02-19 06:50:04,263 [application.py:post()] - Processing Uploaded File: Cube_PLA_7m2s.gcode
2025-02-19 06:50:04,638 [shell_command.py:pipe_data_received()] - INFO:prepropress_cancellation:Shapely not found, complex hulls disabled

2025-02-19 06:50:04,645 [shell_command.py:pipe_data_received()] - INFO:metadata:Performing Object Processing on file: Cube_PLA_7m2s.gcode, sliced by OrcaSlicer

2025-02-19 06:50:04,766 [shell_command.py:_check_proc_success()] - Command (/home/chase/moonraker-env/bin/python /home/chase/moonraker/moonraker/components/file_manager/metadata.py -c /tmp/metacfg-9y1exsk8.json) successfully finished
2025-02-19 06:50:04,769 [klippy_apis.py:start_print()] - Requesting Job Start, filename = Cube_PLA_7m2s.gcode
2025-02-19 06:50:04,802 [application.py:log_request()] - 201 POST /api/files/local (192.168.1.6) [_TRUSTED_USER_] 567.95ms
2025-02-19 06:50:04,872 [job_state.py:_status_update()] - Job Started: Cube_PLA_7m2s.gcode
2025-02-19 07:09:28,077 [application.py:prepare()] - Upload Request Received from 192.168.1.6
Content-Type: multipart/form-data; boundary=----WebKitFormBoundary0lPzSdXAvGGV6QCd
2025-02-19 07:09:28,123 [application.py:post()] - Processing Uploaded File: printer.cfg
2025-02-19 07:09:28,136 [application.py:log_request()] - 201 POST /server/files/upload (192.168.1.6) [_TRUSTED_USER_] 63.31ms
2025-02-19 07:09:29,222 [klippy_connection.py:_on_connection_closed()] - Klippy Connection Removed
2025-02-19 07:09:30,485 [klippy_connection.py:_do_connect()] - Klippy Connection Established
2025-02-19 07:09:33,376 [klippy_connection.py:_request_initial_subscriptions()] - Webhooks Subscribed
2025-02-19 07:09:33,381 [klippy_connection.py:_request_initial_subscriptions()] - GCode Output Subscribed
